[2012-04-17 09:56:51 0.52007800] ======= FleaPHP Loaded =======
[2012-04-17 09:56:51] REQUEST_URI: /
[2012-04-17 09:56:51 0.65912500] ======= FleaPHP End (elapsed: 0.139047 seconds) =======

[2012-04-17 09:57:00 0.69708200] ======= FleaPHP Loaded =======
[2012-04-17 09:57:00] REQUEST_URI: /
[2012-04-17 09:57:00 0.78489800] ======= FleaPHP End (elapsed: 0.087816 seconds) =======

[2012-04-17 09:57:29 0.92343100] ======= FleaPHP Loaded =======
[2012-04-17 09:57:29] REQUEST_URI: /
[2012-04-17 09:57:29 0.98772100] ======= FleaPHP End (elapsed: 0.064290 seconds) =======

[2012-04-17 09:57:32 0.46199100] ======= FleaPHP Loaded =======
[2012-04-17 09:57:32] REQUEST_URI: /
[2012-04-17 09:57:32 0.53348500] ======= FleaPHP End (elapsed: 0.071494 seconds) =======

[2012-04-17 09:57:37 0.83576700] ======= FleaPHP Loaded =======
[2012-04-17 09:57:37] REQUEST_URI: /
[2012-04-17 09:57:37 0.90656500] ======= FleaPHP End (elapsed: 0.070798 seconds) =======

[2012-04-17 09:57:41 0.07384500] ======= FleaPHP Loaded =======
[2012-04-17 09:57:41] REQUEST_URI: /
[2012-04-17 09:57:41 0.14048100] ======= FleaPHP End (elapsed: 0.066636 seconds) =======

[2012-04-17 10:17:27 0.27489000] ======= FleaPHP Loaded =======
[2012-04-17 10:17:27] REQUEST_URI: /index.php
[2012-04-17 10:17:27 0.36491700] ======= FleaPHP End (elapsed: 0.090027 seconds) =======

[2012-04-27 12:20:58 0.49619900] ======= FleaPHP Loaded =======
[2012-04-27 12:20:58] REQUEST_URI: /
[2012-04-27 12:20:58 0.60639400] ======= FleaPHP End (elapsed: 0.110195 seconds) =======

[2012-04-27 12:21:01 0.57292500] ======= FleaPHP Loaded =======
[2012-04-27 12:21:01] REQUEST_URI: /index.php/member/carts/lang/zh-cn
[2012-04-27 12:21:01 0.68843700] ======= FleaPHP End (elapsed: 0.115512 seconds) =======

[2012-04-27 12:21:04 0.23094500] ======= FleaPHP Loaded =======
[2012-04-27 12:21:04] REQUEST_URI: /index.php/member/ajaxchecklogin/lang/zh-cn
[2012-04-27 12:21:04 0.32321900] ======= FleaPHP End (elapsed: 0.092274 seconds) =======

[2012-04-27 12:21:04 0.34777900] ======= FleaPHP Loaded =======
[2012-04-27 12:21:04] REQUEST_URI: /index.php/check/createorder/lang/zh-cn
[2012-04-27 12:21:04 0.49599100] ======= FleaPHP End (elapsed: 0.148212 seconds) =======

[2012-04-27 12:21:04 0.51652800] ======= FleaPHP Loaded =======
[2012-04-27 12:21:04] REQUEST_URI: /index.php/check/selectdelivery/orderId/32/lang/zh-cn
[2012-04-27 12:21:04 0.70230700] ======= FleaPHP End (elapsed: 0.185779 seconds) =======

[2012-04-27 12:21:12 0.82252800] ======= FleaPHP Loaded =======
[2012-04-27 12:21:12] REQUEST_URI: /index.php/check/checkout/lang/zh-cn
[2012-04-27 12:21:13 0.07941800] ======= FleaPHP End (elapsed: 0.256890 seconds) =======

[2012-04-27 12:21:13 0.72730300] ======= FleaPHP Loaded =======
[2012-04-27 12:21:13] REQUEST_URI: /index.php/check/ajaxselectarea/lang/zh-cn
[2012-04-27 12:21:13 0.77702700] ======= FleaPHP End (elapsed: 0.049724 seconds) =======

[2012-04-27 12:21:13 0.79774100] ======= FleaPHP Loaded =======
[2012-04-27 12:21:13] REQUEST_URI: /index.php/check/ajaxselectarea/lang/zh-cn
[2012-04-27 12:21:13 0.84914400] ======= FleaPHP End (elapsed: 0.051403 seconds) =======

[2012-04-27 12:21:18 0.78743200] ======= FleaPHP Loaded =======
[2012-04-27 12:21:18] REQUEST_URI: /index.php/check/paynow/lang/zh-cn
[2012-04-27 12:21:18 0.97920100] ======= FleaPHP End (elapsed: 0.191769 seconds) =======

[2012-04-27 12:21:20 0.96863100] ======= FleaPHP Loaded =======
[2012-04-27 12:21:21] REQUEST_URI: /index.php/check/chinapay/lang/zh-cn
[2012-04-27 12:21:21 0.01797400] ======= FleaPHP End (elapsed: 0.049343 seconds) =======

[2012-04-27 15:59:22 0.81993500] ======= FleaPHP Loaded =======
[2012-04-27 15:59:22] REQUEST_URI: /index.php/products
[2012-04-27 15:59:22 0.94518600] ======= FleaPHP End (elapsed: 0.125251 seconds) =======

[2012-04-27 15:59:27 0.89380600] ======= FleaPHP Loaded =======
[2012-04-27 15:59:27] REQUEST_URI: /index.php/products/view/cate_id/3636/id/30/lang/zh-cn
[2012-04-27 15:59:27 0.98816000] ======= FleaPHP End (elapsed: 0.094354 seconds) =======

[2012-04-27 15:59:31 0.08932700] ======= FleaPHP Loaded =======
[2012-04-27 15:59:31] REQUEST_URI: /index.php/products/addcomment/id/30/lang/zh-cn
[2012-04-27 15:59:31 0.27894700] ======= FleaPHP End (elapsed: 0.189620 seconds) =======

[2012-04-27 15:59:35 0.63139300] ======= FleaPHP Loaded =======
[2012-04-27 15:59:35] REQUEST_URI: /index.php/products
[2012-04-27 15:59:35 0.71021300] ======= FleaPHP End (elapsed: 0.078820 seconds) =======

[2012-04-27 15:59:56 0.53540200] ======= FleaPHP Loaded =======
[2012-04-27 15:59:56] REQUEST_URI: /index.php/products/index/page/1
[2012-04-27 15:59:56 0.60971700] ======= FleaPHP End (elapsed: 0.074315 seconds) =======

[2012-04-27 15:59:58 0.03097800] ======= FleaPHP Loaded =======
[2012-04-27 15:59:58] REQUEST_URI: /index.php/products/index/lang/zh-cn
[2012-04-27 15:59:58 0.11306600] ======= FleaPHP End (elapsed: 0.082088 seconds) =======

[2012-04-27 16:04:32 0.49500600] ======= FleaPHP Loaded =======
[2012-04-27 16:04:32] REQUEST_URI: /index.php/member/index/lang/zh-cn
[2012-04-27 16:04:32 0.60560300] ======= FleaPHP End (elapsed: 0.110597 seconds) =======

[2012-04-27 16:04:35 0.12246800] ======= FleaPHP Loaded =======
[2012-04-27 16:04:35] REQUEST_URI: /index.php/member/coupon/lang/zh-cn
[2012-04-27 16:04:35 0.29027600] ======= FleaPHP End (elapsed: 0.167808 seconds) =======

[2012-04-27 16:07:25 0.56319500] ======= FleaPHP Loaded =======
[2012-04-27 16:07:25] REQUEST_URI: /index.php/member/coupon/lang/zh-cn
[2012-04-27 16:07:25 0.65628500] ======= FleaPHP End (elapsed: 0.093090 seconds) =======

[2012-04-28 14:26:51 0.28836600] ======= FleaPHP Loaded =======
[2012-04-28 14:26:51] REQUEST_URI: /index.php/products/index/lang/zh-cn
[2012-04-28 14:26:51 0.38504800] ======= FleaPHP End (elapsed: 0.096682 seconds) =======

[2012-04-28 14:26:52 0.76110600] ======= FleaPHP Loaded =======
[2012-04-28 14:26:52] REQUEST_URI: /index.php/products/index/cate_id/3675
[2012-04-28 14:26:52 0.86410000] ======= FleaPHP End (elapsed: 0.102994 seconds) =======

[2012-04-28 14:26:54 0.84704200] ======= FleaPHP Loaded =======
[2012-04-28 14:26:54] REQUEST_URI: /index.php/products/index/cate_id/3673
[2012-04-28 14:26:54 0.93948900] ======= FleaPHP End (elapsed: 0.092447 seconds) =======

[2012-04-28 14:26:55 0.76306100] ======= FleaPHP Loaded =======
[2012-04-28 14:26:55] REQUEST_URI: /index.php/products/index/cate_id/1
[2012-04-28 14:26:55 0.87361600] ======= FleaPHP End (elapsed: 0.110555 seconds) =======

[2012-04-28 14:27:00 0.89740400] ======= FleaPHP Loaded =======
[2012-04-28 14:27:00] REQUEST_URI: /index.php/member/login/lang/zh-cn
[2012-04-28 14:27:00 0.96381100] ======= FleaPHP End (elapsed: 0.066407 seconds) =======

[2012-04-28 14:27:52 0.03106900] ======= FleaPHP Loaded =======
[2012-04-28 14:27:52] REQUEST_URI: /index.php/member/login/lang/zh-cn
[2012-04-28 14:27:52 0.15639600] ======= FleaPHP End (elapsed: 0.125327 seconds) =======

[2012-04-28 14:28:52 0.59278100] ======= FleaPHP Loaded =======
[2012-04-28 14:28:52] REQUEST_URI: /index.php/member/login/lang/zh-cn
[2012-04-28 14:28:52 0.67735200] ======= FleaPHP End (elapsed: 0.084571 seconds) =======

[2012-04-28 14:29:03 0.96109100] ======= FleaPHP Loaded =======
[2012-04-28 14:29:03] REQUEST_URI: /index.php/member/login/lang/zh-cn
[2012-04-28 14:29:04 0.02381700] ======= FleaPHP End (elapsed: 0.062726 seconds) =======

[2012-05-02 09:46:59 0.56118900] ======= FleaPHP Loaded =======
[2012-05-02 09:46:59] REQUEST_URI: /
[2012-05-02 09:47:00 0.18402500] ======= FleaPHP End (elapsed: 0.622836 seconds) =======

[2012-05-02 15:11:12 0.08203000] ======= FleaPHP Loaded =======
[2012-05-02 15:11:12] REQUEST_URI: /test.php
[2012-05-02 15:11:12 0.80066800] ======= FleaPHP End (elapsed: 0.718638 seconds) =======

[2012-05-02 15:25:35 0.10665500] ======= FleaPHP Loaded =======
[2012-05-02 15:25:35] REQUEST_URI: /
[2012-05-02 15:25:35 0.17012000] ======= FleaPHP End (elapsed: 0.063465 seconds) =======

[2012-05-02 15:26:24 0.16113900] ======= FleaPHP Loaded =======
[2012-05-02 15:26:24] REQUEST_URI: /test.php
[2012-05-02 15:26:24 0.19171000] ======= FleaPHP End (elapsed: 0.030571 seconds) =======

[2012-05-02 15:26:24 0.73353000] ======= FleaPHP Loaded =======
[2012-05-02 15:26:24] REQUEST_URI: /test.php
[2012-05-02 15:26:24 0.87451200] ======= FleaPHP End (elapsed: 0.140982 seconds) =======

[2012-05-03 10:57:29 0.75669400] ======= FleaPHP Loaded =======
[2012-05-03 10:57:29] REQUEST_URI: /
[2012-05-03 10:57:30 0.09334300] ======= FleaPHP End (elapsed: 0.336649 seconds) =======

[2012-05-03 10:57:30 0.75775100] ======= FleaPHP Loaded =======
[2012-05-03 10:57:30] REQUEST_URI: /favicon.ico
[2012-05-03 10:57:30 0.79958500] ======= FleaPHP End (elapsed: 0.041834 seconds) =======

[2012-05-03 10:58:43 0.07795900] ======= FleaPHP Loaded =======
[2012-05-03 10:58:43] REQUEST_URI: /
[2012-05-03 10:58:43 0.12805300] ======= FleaPHP End (elapsed: 0.050094 seconds) =======

[2012-05-03 10:58:43 0.77099800] ======= FleaPHP Loaded =======
[2012-05-03 10:58:43] REQUEST_URI: /favicon.ico
[2012-05-03 10:58:43 0.85069200] ======= FleaPHP End (elapsed: 0.079694 seconds) =======

[2012-05-03 10:59:08 0.54918100] ======= FleaPHP Loaded =======
[2012-05-03 10:59:08] REQUEST_URI: /
[2012-05-03 10:59:08 0.61895200] ======= FleaPHP End (elapsed: 0.069771 seconds) =======

[2012-05-03 10:59:09 0.25922200] ======= FleaPHP Loaded =======
[2012-05-03 10:59:09] REQUEST_URI: /favicon.ico
[2012-05-03 10:59:09 0.36598000] ======= FleaPHP End (elapsed: 0.106758 seconds) =======

[2012-05-03 10:59:20 0.42677000] ======= FleaPHP Loaded =======
[2012-05-03 10:59:20] REQUEST_URI: /
[2012-05-03 10:59:20 0.49743100] ======= FleaPHP End (elapsed: 0.070661 seconds) =======

[2012-05-03 10:59:21 0.13781100] ======= FleaPHP Loaded =======
[2012-05-03 10:59:21] REQUEST_URI: /favicon.ico
[2012-05-03 10:59:21 0.23928900] ======= FleaPHP End (elapsed: 0.101478 seconds) =======

[2012-05-03 11:00:13 0.25028700] ======= FleaPHP Loaded =======
[2012-05-03 11:00:13] REQUEST_URI: /
[2012-05-03 11:00:13 0.30940700] ======= FleaPHP End (elapsed: 0.059120 seconds) =======

[2012-05-03 11:00:13 0.98932800] ======= FleaPHP Loaded =======
[2012-05-03 11:00:14] REQUEST_URI: /favicon.ico
[2012-05-03 11:00:14 0.10700300] ======= FleaPHP End (elapsed: 0.117675 seconds) =======

[2012-05-03 11:00:34 0.94470900] ======= FleaPHP Loaded =======
[2012-05-03 11:00:34] REQUEST_URI: /
[2012-05-03 11:00:34 0.98430600] ======= FleaPHP End (elapsed: 0.039597 seconds) =======

[2012-05-03 11:00:39 0.54693400] ======= FleaPHP Loaded =======
[2012-05-03 11:00:39] REQUEST_URI: /
[2012-05-03 11:00:39 0.63557100] ======= FleaPHP End (elapsed: 0.088637 seconds) =======

[2012-05-03 11:00:52 0.45351100] ======= FleaPHP Loaded =======
[2012-05-03 11:00:52] REQUEST_URI: /
[2012-05-03 11:00:52 0.51208700] ======= FleaPHP End (elapsed: 0.058576 seconds) =======

[2012-05-03 11:01:00 0.00184700] ======= FleaPHP Loaded =======
[2012-05-03 11:01:00] REQUEST_URI: /
[2012-05-03 11:01:00 0.06336500] ======= FleaPHP End (elapsed: 0.061518 seconds) =======

[2012-05-03 11:01:05 0.17948000] ======= FleaPHP Loaded =======
[2012-05-03 11:01:05] REQUEST_URI: /
[2012-05-03 11:01:05 0.30538400] ======= FleaPHP End (elapsed: 0.125904 seconds) =======

[2012-05-03 11:01:48 0.60448500] ======= FleaPHP Loaded =======
[2012-05-03 11:01:48] REQUEST_URI: /
[2012-05-03 11:01:48 0.65541600] ======= FleaPHP End (elapsed: 0.050931 seconds) =======

[2012-05-03 11:03:09 0.04813900] ======= FleaPHP Loaded =======
[2012-05-03 11:03:09] REQUEST_URI: /
[2012-05-03 11:03:09 0.09859400] ======= FleaPHP End (elapsed: 0.050455 seconds) =======

[2012-05-03 11:03:10 0.58851700] ======= FleaPHP Loaded =======
[2012-05-03 11:03:10] REQUEST_URI: /
[2012-05-03 11:03:10 0.63762700] ======= FleaPHP End (elapsed: 0.049110 seconds) =======

[2012-05-03 11:03:16 0.65861400] ======= FleaPHP Loaded =======
[2012-05-03 11:03:16] REQUEST_URI: /
[2012-05-03 11:03:16 0.72513400] ======= FleaPHP End (elapsed: 0.066520 seconds) =======

[2012-05-03 11:04:43 0.15387800] ======= FleaPHP Loaded =======
[2012-05-03 11:04:43] REQUEST_URI: /
[2012-05-03 11:04:43 0.22296700] ======= FleaPHP End (elapsed: 0.069089 seconds) =======

[2012-05-03 11:04:47 0.60267200] ======= FleaPHP Loaded =======
[2012-05-03 11:04:47] REQUEST_URI: /
[2012-05-03 11:04:47 0.66272400] ======= FleaPHP End (elapsed: 0.060052 seconds) =======

[2012-05-03 11:04:56 0.55768600] ======= FleaPHP Loaded =======
[2012-05-03 11:04:56] REQUEST_URI: /
[2012-05-03 11:04:56 0.60752300] ======= FleaPHP End (elapsed: 0.049837 seconds) =======

[2012-05-03 11:04:57 0.26972700] ======= FleaPHP Loaded =======
[2012-05-03 11:04:57] REQUEST_URI: /favicon.ico
[2012-05-03 11:04:57 0.35253000] ======= FleaPHP End (elapsed: 0.082803 seconds) =======

[2012-05-03 11:12:33 0.57571900] ======= FleaPHP Loaded =======
[2012-05-03 11:12:33] REQUEST_URI: /
[2012-05-03 11:12:33 0.65263200] ======= FleaPHP End (elapsed: 0.076913 seconds) =======

[2012-05-03 11:12:34 0.28975900] ======= FleaPHP Loaded =======
[2012-05-03 11:12:34] REQUEST_URI: /favicon.ico
[2012-05-03 11:12:34 0.33269900] ======= FleaPHP End (elapsed: 0.042940 seconds) =======

[2012-05-03 11:19:50 0.74042000] ======= FleaPHP Loaded =======
[2012-05-03 11:19:50] REQUEST_URI: /
[2012-05-03 11:19:50 0.84649200] ======= FleaPHP End (elapsed: 0.106072 seconds) =======

[2012-05-03 11:19:53 0.21756200] ======= FleaPHP Loaded =======
[2012-05-03 11:19:53] REQUEST_URI: /favicon.ico
[2012-05-03 11:19:53 0.26393700] ======= FleaPHP End (elapsed: 0.046375 seconds) =======

[2012-05-03 11:40:25 0.04484200] ======= FleaPHP Loaded =======
[2012-05-03 11:40:25] REQUEST_URI: /
[2012-05-03 11:40:25 0.11081900] ======= FleaPHP End (elapsed: 0.065977 seconds) =======

[2012-05-03 11:40:25 0.26685300] ======= FleaPHP Loaded =======
[2012-05-03 11:40:25] REQUEST_URI: /uploads/products_4f8fac8d13050.jpg
[2012-05-03 11:40:25 0.32191500] ======= FleaPHP End (elapsed: 0.055062 seconds) =======

[2012-05-03 11:40:25 0.28885800] ======= FleaPHP Loaded =======
[2012-05-03 11:40:25] REQUEST_URI: /uploads/thumb_products_4f8fac8d13050.jpg
[2012-05-03 11:40:25 0.40221100] ======= FleaPHP End (elapsed: 0.113353 seconds) =======

[2012-05-03 11:40:25 0.54886900] ======= FleaPHP Loaded =======
[2012-05-03 11:40:25] REQUEST_URI: /favicon.ico
[2012-05-03 11:40:25 0.58194800] ======= FleaPHP End (elapsed: 0.033079 seconds) =======

[2012-05-03 11:40:27 0.16496200] ======= FleaPHP Loaded =======
[2012-05-03 11:40:27] REQUEST_URI: /index.php/member/login/lang/zh-cn
[2012-05-03 11:40:27 0.20931300] ======= FleaPHP End (elapsed: 0.044351 seconds) =======

[2012-05-03 11:40:27 0.58998600] ======= FleaPHP Loaded =======
[2012-05-03 11:40:27] REQUEST_URI: /favicon.ico
[2012-05-03 11:40:27 0.62451300] ======= FleaPHP End (elapsed: 0.034527 seconds) =======

[2012-05-03 11:40:31 0.14698700] ======= FleaPHP Loaded =======
[2012-05-03 11:40:31] REQUEST_URI: /index.php/member/login/lang/zh-cn
[2012-05-03 11:40:31 0.22810700] ======= FleaPHP End (elapsed: 0.081120 seconds) =======

[2012-05-03 11:40:31 0.27899300] ======= FleaPHP Loaded =======
[2012-05-03 11:40:31] REQUEST_URI: /index.php/member
[2012-05-03 11:40:31 0.32994600] ======= FleaPHP End (elapsed: 0.050953 seconds) =======

[2012-05-03 11:40:31 0.65201600] ======= FleaPHP Loaded =======
[2012-05-03 11:40:31] REQUEST_URI: /favicon.ico
[2012-05-03 11:40:31 0.69634700] ======= FleaPHP End (elapsed: 0.044331 seconds) =======

[2012-05-03 11:40:32 0.83808200] ======= FleaPHP Loaded =======
[2012-05-03 11:40:32] REQUEST_URI: /index.php/member/coupon/lang/zh-cn
[2012-05-03 11:40:32 0.90257200] ======= FleaPHP End (elapsed: 0.064490 seconds) =======

[2012-05-03 11:40:33 0.20710500] ======= FleaPHP Loaded =======
[2012-05-03 11:40:33] REQUEST_URI: /favicon.ico
[2012-05-03 11:40:33 0.24132400] ======= FleaPHP End (elapsed: 0.034219 seconds) =======

[2012-05-03 11:40:35 0.06021000] ======= FleaPHP Loaded =======
[2012-05-03 11:40:35] REQUEST_URI: /index.php/member/orderlist/lang/zh-cn
[2012-05-03 11:40:35 0.31213000] ======= FleaPHP End (elapsed: 0.251920 seconds) =======

[2012-05-03 11:40:35 0.66924500] ======= FleaPHP Loaded =======
[2012-05-03 11:40:35] REQUEST_URI: /favicon.ico
[2012-05-03 11:40:35 0.71356800] ======= FleaPHP End (elapsed: 0.044323 seconds) =======

[2012-05-03 11:40:39 0.24144400] ======= FleaPHP Loaded =======
[2012-05-03 11:40:39] REQUEST_URI: /index.php/member/cancelorder/order_id/34/lang/zh-cn
[2012-05-03 11:40:39 0.26681900] ======= FleaPHP End (elapsed: 0.025375 seconds) =======

[2012-05-03 11:40:39 0.36445100] ======= FleaPHP Loaded =======
[2012-05-03 11:40:39] REQUEST_URI: /favicon.ico
[2012-05-03 11:40:39 0.40801800] ======= FleaPHP End (elapsed: 0.043567 seconds) =======

[2012-05-03 11:43:06 0.96296700] ======= FleaPHP Loaded =======
[2012-05-03 11:43:06] REQUEST_URI: /index.php/member/coupon/lang/zh-cn
[2012-05-03 11:43:07 0.00675900] ======= FleaPHP End (elapsed: 0.043792 seconds) =======

[2012-05-03 11:43:07 0.55600100] ======= FleaPHP Loaded =======
[2012-05-03 11:43:07] REQUEST_URI: /favicon.ico
[2012-05-03 11:43:07 0.59616100] ======= FleaPHP End (elapsed: 0.040160 seconds) =======

[2012-05-03 11:43:27 0.97697100] ======= FleaPHP Loaded =======
[2012-05-03 11:43:27] REQUEST_URI: /index.php/member/coupon/lang/zh-cn
[2012-05-03 11:43:28 0.02419300] ======= FleaPHP End (elapsed: 0.047222 seconds) =======

[2012-05-03 11:43:28 0.52200100] ======= FleaPHP Loaded =======
[2012-05-03 11:43:28] REQUEST_URI: /favicon.ico
[2012-05-03 11:43:28 0.57618300] ======= FleaPHP End (elapsed: 0.054182 seconds) =======

[2012-05-03 11:43:32 0.26013600] ======= FleaPHP Loaded =======
[2012-05-03 11:43:32] REQUEST_URI: /index.php/member/orderlist/lang/zh-cn
[2012-05-03 11:43:32 0.31910100] ======= FleaPHP End (elapsed: 0.058965 seconds) =======

[2012-05-03 11:43:32 0.61415500] ======= FleaPHP Loaded =======
[2012-05-03 11:43:32] REQUEST_URI: /favicon.ico
[2012-05-03 11:43:32 0.65979300] ======= FleaPHP End (elapsed: 0.045638 seconds) =======

[2012-05-03 11:43:33 0.87622800] ======= FleaPHP Loaded =======
[2012-05-03 11:43:33] REQUEST_URI: /index.php/member/coupon/lang/zh-cn
[2012-05-03 11:43:33 0.93332700] ======= FleaPHP End (elapsed: 0.057099 seconds) =======

[2012-05-03 11:43:34 0.23924800] ======= FleaPHP Loaded =======
[2012-05-03 11:43:34] REQUEST_URI: /favicon.ico
[2012-05-03 11:43:34 0.27460500] ======= FleaPHP End (elapsed: 0.035357 seconds) =======

[2012-05-03 11:43:36 0.48291400] ======= FleaPHP Loaded =======
[2012-05-03 11:43:36] REQUEST_URI: /index.php/member/orderlist/lang/zh-cn
[2012-05-03 11:43:36 0.52746200] ======= FleaPHP End (elapsed: 0.044548 seconds) =======

[2012-05-03 11:43:36 0.83193500] ======= FleaPHP Loaded =======
[2012-05-03 11:43:36] REQUEST_URI: /favicon.ico
[2012-05-03 11:43:36 0.87187900] ======= FleaPHP End (elapsed: 0.039944 seconds) =======

[2012-05-03 11:44:10 0.36413300] ======= FleaPHP Loaded =======
[2012-05-03 11:44:10] REQUEST_URI: /index.php/member/orderlist/lang/zh-cn
[2012-05-03 11:44:10 0.42163000] ======= FleaPHP End (elapsed: 0.057497 seconds) =======

[2012-05-03 11:44:10 0.93516400] ======= FleaPHP Loaded =======
[2012-05-03 11:44:10] REQUEST_URI: /favicon.ico
[2012-05-03 11:44:10 0.98292800] ======= FleaPHP End (elapsed: 0.047764 seconds) =======

[2012-05-03 11:45:40 0.60297700] ======= FleaPHP Loaded =======
[2012-05-03 11:45:40] REQUEST_URI: /index.php/member/orderlist/lang/zh-cn
[2012-05-03 11:45:40 0.68247300] ======= FleaPHP End (elapsed: 0.079496 seconds) =======

[2012-05-03 11:45:40 0.73898500] ======= FleaPHP Loaded =======
[2012-05-03 11:45:40] REQUEST_URI: /favicon.ico
[2012-05-03 11:45:40 0.77660600] ======= FleaPHP End (elapsed: 0.037621 seconds) =======

[2012-05-04 11:04:08 0.71311600] ======= FleaPHP Loaded =======
[2012-05-04 11:04:08] REQUEST_URI: /index.php/products/view/cate_id/3634/id/16/lang/zh-cn
[2012-05-04 11:04:08 0.97065900] ======= FleaPHP End (elapsed: 0.257543 seconds) =======

[2012-05-04 11:04:17 0.90180900] ======= FleaPHP Loaded =======
[2012-05-04 11:04:17] REQUEST_URI: /index.php/products/index/cate_id/3673
[2012-05-04 11:04:18 0.00447900] ======= FleaPHP End (elapsed: 0.102670 seconds) =======

[2012-05-04 11:04:19 0.77018900] ======= FleaPHP Loaded =======
[2012-05-04 11:04:19] REQUEST_URI: /index.php/products/index/cate_id/3635
[2012-05-04 11:04:19 0.86009500] ======= FleaPHP End (elapsed: 0.089906 seconds) =======

[2012-05-04 11:04:23 0.48736800] ======= FleaPHP Loaded =======
[2012-05-04 11:04:23] REQUEST_URI: /index.php/products/view/cate_id/3635/id/7/lang/zh-cn
[2012-05-04 11:04:23 0.59293800] ======= FleaPHP End (elapsed: 0.105570 seconds) =======

[2012-05-04 11:04:31 0.46049800] ======= FleaPHP Loaded =======
[2012-05-04 11:04:31] REQUEST_URI: /index.php/products/index/cate_id/3634
[2012-05-04 11:04:31 0.53447400] ======= FleaPHP End (elapsed: 0.073976 seconds) =======

[2012-05-04 11:05:27 0.74780200] ======= FleaPHP Loaded =======
[2012-05-04 11:05:27] REQUEST_URI: /index.php/products/view/cate_id/3634/id/42/lang/zh-cn
[2012-05-04 11:05:27 0.83629400] ======= FleaPHP End (elapsed: 0.088492 seconds) =======

[2012-05-04 11:05:36 0.13257900] ======= FleaPHP Loaded =======
[2012-05-04 11:05:36] REQUEST_URI: /index.php/products/view/cate_id/3677/id/66/lang/zh-cn
[2012-05-04 11:05:36 0.23238400] ======= FleaPHP End (elapsed: 0.099805 seconds) =======

[2012-05-04 11:06:00 0.48269900] ======= FleaPHP Loaded =======
[2012-05-04 11:06:00] REQUEST_URI: /index.php/products/view/cate_id/3677/id/66/lang/zh-cn
[2012-05-04 11:06:00 0.65547200] ======= FleaPHP End (elapsed: 0.172773 seconds) =======

[2012-05-04 11:06:49 0.17421100] ======= FleaPHP Loaded =======
[2012-05-04 11:06:49] REQUEST_URI: /index.php/products/view/cate_id/3677/id/66/lang/zh-cn
[2012-05-04 11:06:49 0.31973100] ======= FleaPHP End (elapsed: 0.145520 seconds) =======

[2012-05-04 11:07:13 0.87964000] ======= FleaPHP Loaded =======
[2012-05-04 11:07:13] REQUEST_URI: /index.php/products/view/cate_id/3677/id/66/lang/zh-cn
[2012-05-04 11:07:14 0.03196300] ======= FleaPHP End (elapsed: 0.152323 seconds) =======

[2012-05-04 11:07:16 0.49423700] ======= FleaPHP Loaded =======
[2012-05-04 11:07:16] REQUEST_URI: /index.php/products/view/cate_id/3677/id/66/lang/zh-cn
[2012-05-04 11:07:16 0.58473000] ======= FleaPHP End (elapsed: 0.090493 seconds) =======

[2012-05-04 11:08:01 0.03288400] ======= FleaPHP Loaded =======
[2012-05-04 11:08:01] REQUEST_URI: /index.php/products/view/cate_id/3677/id/66/lang/zh-cn
[2012-05-04 11:08:01 0.20243300] ======= FleaPHP End (elapsed: 0.169549 seconds) =======

[2012-05-04 16:13:38 0.22220000] ======= FleaPHP Loaded =======
[2012-05-04 16:13:38] REQUEST_URI: /index.php/home/error
[2012-05-04 16:13:38 0.27158500] ======= FleaPHP End (elapsed: 0.049385 seconds) =======

[2012-05-04 16:13:42 0.27971000] ======= FleaPHP Loaded =======
[2012-05-04 16:13:42] REQUEST_URI: /index.php/home
[2012-05-04 16:13:42 0.37394500] ======= FleaPHP End (elapsed: 0.094235 seconds) =======

[2012-05-04 16:13:53 0.79478300] ======= FleaPHP Loaded =======
[2012-05-04 16:13:53] REQUEST_URI: /index.php/products/newprodcontent
[2012-05-04 16:13:53 0.86028100] ======= FleaPHP End (elapsed: 0.065498 seconds) =======

[2012-05-04 18:03:38 0.66443600] ======= FleaPHP Loaded =======
[2012-05-04 18:03:38] REQUEST_URI: /index.php/products/newprodcontent/email/%3Cscript%3E
[2012-05-04 18:03:38 0.72637900] ======= FleaPHP End (elapsed: 0.061943 seconds) =======

[2012-05-04 18:03:38 0.80350200] ======= FleaPHP Loaded =======
[2012-05-04 18:03:38] REQUEST_URI: /
[2012-05-04 18:03:38 0.89411100] ======= FleaPHP End (elapsed: 0.090609 seconds) =======

[2012-05-04 18:03:47 0.37238900] ======= FleaPHP Loaded =======
[2012-05-04 18:03:47] REQUEST_URI: /index.php/products/newprodcontent/email/
[2012-05-04 18:03:47 0.44674800] ======= FleaPHP End (elapsed: 0.074359 seconds) =======

[2012-05-04 18:03:47 0.51862500] ======= FleaPHP Loaded =======
[2012-05-04 18:03:47] REQUEST_URI: /
[2012-05-04 18:03:47 0.60419600] ======= FleaPHP End (elapsed: 0.085571 seconds) =======

[2012-05-05 09:42:50 0.58967800] ======= FleaPHP Loaded =======
[2012-05-05 09:42:51] REQUEST_URI: /
[2012-05-05 09:42:51 0.28444800] ======= FleaPHP End (elapsed: 0.694770 seconds) =======

[2012-05-05 09:43:05 0.93629900] ======= FleaPHP Loaded =======
[2012-05-05 09:43:06] REQUEST_URI: /index.php/products/newprodcontent/email/
[2012-05-05 09:43:06 0.17006000] ======= FleaPHP End (elapsed: 0.233761 seconds) =======

[2012-05-05 09:43:06 0.45705600] ======= FleaPHP Loaded =======
[2012-05-05 09:43:06] REQUEST_URI: /
[2012-05-05 09:43:06 0.55611000] ======= FleaPHP End (elapsed: 0.099054 seconds) =======

[2012-05-05 09:55:11 0.73145600] ======= FleaPHP Loaded =======
[2012-05-05 09:55:11] REQUEST_URI: /
[2012-05-05 09:55:11 0.80978400] ======= FleaPHP End (elapsed: 0.078328 seconds) =======

[2012-05-05 10:03:06 0.15382700] ======= FleaPHP Loaded =======
[2012-05-05 10:03:06] REQUEST_URI: /products
[2012-05-05 10:03:06 0.19805000] ======= FleaPHP End (elapsed: 0.044223 seconds) =======

[2012-05-05 10:03:06 0.21323400] ======= FleaPHP Loaded =======
[2012-05-05 10:03:06] REQUEST_URI: /index.php/home/error
[2012-05-05 10:03:06 0.30323100] ======= FleaPHP End (elapsed: 0.089997 seconds) =======

[2012-05-05 10:03:09 0.74777000] ======= FleaPHP Loaded =======
[2012-05-05 10:03:09] REQUEST_URI: /index.php/home
[2012-05-05 10:03:09 0.82776600] ======= FleaPHP End (elapsed: 0.079996 seconds) =======

[2012-05-05 10:03:17 0.59747200] ======= FleaPHP Loaded =======
[2012-05-05 10:03:17] REQUEST_URI: /home
[2012-05-05 10:03:17 0.63639500] ======= FleaPHP End (elapsed: 0.038923 seconds) =======

[2012-05-05 10:03:17 0.64978400] ======= FleaPHP Loaded =======
[2012-05-05 10:03:17] REQUEST_URI: /index.php/home/error
[2012-05-05 10:03:17 0.70642800] ======= FleaPHP End (elapsed: 0.056644 seconds) =======

[2012-05-05 10:03:20 0.94427200] ======= FleaPHP Loaded =======
[2012-05-05 10:03:20] REQUEST_URI: /index.php/home
[2012-05-05 10:03:21 0.00391300] ======= FleaPHP End (elapsed: 0.059641 seconds) =======

[2012-05-05 10:06:27 0.24005300] ======= FleaPHP Loaded =======
[2012-05-05 10:06:27] REQUEST_URI: /products
[2012-05-05 10:06:27 0.48255900] ======= FleaPHP End (elapsed: 0.242506 seconds) =======

[2012-05-05 10:06:34 0.35059200] ======= FleaPHP Loaded =======
[2012-05-05 10:06:34] REQUEST_URI: /check
[2012-05-05 10:06:34 0.54621300] ======= FleaPHP End (elapsed: 0.195621 seconds) =======

[2012-05-05 10:06:34 0.56954200] ======= FleaPHP Loaded =======
[2012-05-05 10:06:34] REQUEST_URI: /index.php/home/error
[2012-05-05 10:06:34 0.62496500] ======= FleaPHP End (elapsed: 0.055423 seconds) =======

[2012-05-05 10:06:37 0.87316000] ======= FleaPHP Loaded =======
[2012-05-05 10:06:37] REQUEST_URI: /index.php/home
[2012-05-05 10:06:37 0.94012700] ======= FleaPHP End (elapsed: 0.066967 seconds) =======

[2012-05-05 10:08:58 0.85893900] ======= FleaPHP Loaded =======
[2012-05-05 10:08:58] REQUEST_URI: /index.php/products/index/cate_id/3673
[2012-05-05 10:08:59 0.00815200] ======= FleaPHP End (elapsed: 0.149213 seconds) =======

[2012-05-05 10:09:01 0.00519700] ======= FleaPHP Loaded =======
[2012-05-05 10:09:01] REQUEST_URI: /
[2012-05-05 10:09:01 0.07345100] ======= FleaPHP End (elapsed: 0.068254 seconds) =======

[2012-05-05 10:09:09 0.47659200] ======= FleaPHP Loaded =======
[2012-05-05 10:09:09] REQUEST_URI: /
[2012-05-05 10:09:09 0.54202400] ======= FleaPHP End (elapsed: 0.065432 seconds) =======

[2012-05-05 10:09:24 0.19847500] ======= FleaPHP Loaded =======
[2012-05-05 10:09:24] REQUEST_URI: /
[2012-05-05 10:09:24 0.30129500] ======= FleaPHP End (elapsed: 0.102820 seconds) =======

[2012-05-05 10:09:31 0.60058600] ======= FleaPHP Loaded =======
[2012-05-05 10:09:31] REQUEST_URI: /
[2012-05-05 10:09:31 0.66897700] ======= FleaPHP End (elapsed: 0.068391 seconds) =======

[2012-05-05 10:09:53 0.71601500] ======= FleaPHP Loaded =======
[2012-05-05 10:09:53] REQUEST_URI: /
[2012-05-05 10:09:53 0.77667900] ======= FleaPHP End (elapsed: 0.060664 seconds) =======

[2012-05-05 10:12:02 0.06651300] ======= FleaPHP Loaded =======
[2012-05-05 10:12:02] REQUEST_URI: /
[2012-05-05 10:12:02 0.17196400] ======= FleaPHP End (elapsed: 0.105451 seconds) =======

[2012-05-05 10:12:23 0.09777200] ======= FleaPHP Loaded =======
[2012-05-05 10:12:23] REQUEST_URI: /
[2012-05-05 10:12:23 0.19388200] ======= FleaPHP End (elapsed: 0.096110 seconds) =======

[2012-05-05 10:12:38 0.87215200] ======= FleaPHP Loaded =======
[2012-05-05 10:12:38] REQUEST_URI: /
[2012-05-05 10:12:38 0.97084000] ======= FleaPHP End (elapsed: 0.098688 seconds) =======

[2012-05-05 10:14:05 0.68425200] ======= FleaPHP Loaded =======
[2012-05-05 10:14:05] REQUEST_URI: /
[2012-05-05 10:14:05 0.78048900] ======= FleaPHP End (elapsed: 0.096237 seconds) =======

[2012-05-05 10:14:16 0.10150000] ======= FleaPHP Loaded =======
[2012-05-05 10:14:16] REQUEST_URI: /
[2012-05-05 10:14:16 0.16932800] ======= FleaPHP End (elapsed: 0.067828 seconds) =======

[2012-05-05 10:14:17 0.87506300] ======= FleaPHP Loaded =======
[2012-05-05 10:14:17] REQUEST_URI: /products/index/cate_id/3673
[2012-05-05 10:14:17 0.96322300] ======= FleaPHP End (elapsed: 0.088160 seconds) =======

[2012-05-05 10:14:20 0.98671200] ======= FleaPHP Loaded =======
[2012-05-05 10:14:21] REQUEST_URI: /products/index/cate_id/3634
[2012-05-05 10:14:21 0.06816900] ======= FleaPHP End (elapsed: 0.081457 seconds) =======

[2012-05-05 10:14:23 0.10988400] ======= FleaPHP Loaded =======
[2012-05-05 10:14:23] REQUEST_URI: /products/index/cate_id/3630
[2012-05-05 10:14:23 0.19455000] ======= FleaPHP End (elapsed: 0.084666 seconds) =======

[2012-05-05 10:14:24 0.65282400] ======= FleaPHP Loaded =======
[2012-05-05 10:14:24] REQUEST_URI: /products/view/cate_id/3630/id/61/lang/zh-cn
[2012-05-05 10:14:24 0.79701900] ======= FleaPHP End (elapsed: 0.144195 seconds) =======

[2012-05-05 10:14:27 0.61173500] ======= FleaPHP Loaded =======
[2012-05-05 10:14:27] REQUEST_URI: /products/brand/id/14/lang/zh-cn
[2012-05-05 10:14:27 0.80866400] ======= FleaPHP End (elapsed: 0.196929 seconds) =======

[2012-05-05 10:14:32 0.08474600] ======= FleaPHP Loaded =======
[2012-05-05 10:14:32] REQUEST_URI: /products/brand/id/14/page/1
[2012-05-05 10:14:32 0.15749900] ======= FleaPHP End (elapsed: 0.072753 seconds) =======

[2012-05-05 10:14:33 0.75730100] ======= FleaPHP Loaded =======
[2012-05-05 10:14:33] REQUEST_URI: /products/index/lang/zh-cn
[2012-05-05 10:14:33 0.83026800] ======= FleaPHP End (elapsed: 0.072967 seconds) =======

[2012-05-05 10:14:36 0.87862700] ======= FleaPHP Loaded =======
[2012-05-05 10:14:36] REQUEST_URI: /products/index/page/1
[2012-05-05 10:14:36 0.95101800] ======= FleaPHP End (elapsed: 0.072391 seconds) =======

[2012-05-05 10:14:39 0.86885500] ======= FleaPHP Loaded =======
[2012-05-05 10:14:39] REQUEST_URI: /products/index/page/2
[2012-05-05 10:14:39 0.94685900] ======= FleaPHP End (elapsed: 0.078004 seconds) =======

[2012-05-05 10:48:26 0.71679400] ======= FleaPHP Loaded =======
[2012-05-05 10:48:26] REQUEST_URI: /
[2012-05-05 10:48:26 0.79259300] ======= FleaPHP End (elapsed: 0.075799 seconds) =======

[2012-05-05 10:48:29 0.27516600] ======= FleaPHP Loaded =======
[2012-05-05 10:48:29] REQUEST_URI: /products/index/cate_id/3673
[2012-05-05 10:48:29 0.42171500] ======= FleaPHP End (elapsed: 0.146549 seconds) =======

[2012-05-05 10:48:31 0.22971100] ======= FleaPHP Loaded =======
[2012-05-05 10:48:31] REQUEST_URI: /products/index/cate_id/1
[2012-05-05 10:48:31 0.37586800] ======= FleaPHP End (elapsed: 0.146157 seconds) =======

[2012-05-05 10:50:07 0.30662000] ======= FleaPHP Loaded =======
[2012-05-05 10:50:07] REQUEST_URI: /
[2012-05-05 10:50:07 0.39274900] ======= FleaPHP End (elapsed: 0.086129 seconds) =======

[2012-05-05 10:50:11 0.37496300] ======= FleaPHP Loaded =======
[2012-05-05 10:50:11] REQUEST_URI: /products/index/cate_id/3673
[2012-05-05 10:50:11 0.45364600] ======= FleaPHP End (elapsed: 0.078683 seconds) =======

[2012-05-05 10:58:04 0.28565300] ======= FleaPHP Loaded =======
[2012-05-05 10:58:04] REQUEST_URI: /
[2012-05-05 10:58:04 0.35511700] ======= FleaPHP End (elapsed: 0.069464 seconds) =======

[2012-05-05 10:58:06 0.19764600] ======= FleaPHP Loaded =======
[2012-05-05 10:58:06] REQUEST_URI: /products/index/cate_id/3673
[2012-05-05 10:58:06 0.27576800] ======= FleaPHP End (elapsed: 0.078122 seconds) =======

[2012-05-05 10:58:10 0.40254800] ======= FleaPHP Loaded =======
[2012-05-05 10:58:10] REQUEST_URI: /products/view/cate_id/3677/id/66/lang/zh-cn
[2012-05-05 10:58:10 0.46673400] ======= FleaPHP End (elapsed: 0.064186 seconds) =======

[2012-05-05 15:02:03 0.89208500] ======= FleaPHP Loaded =======
[2012-05-05 15:02:03] REQUEST_URI: /
[2012-05-05 15:02:04 0.02609400] ======= FleaPHP End (elapsed: 0.134009 seconds) =======

[2012-05-05 15:02:06 0.17786700] ======= FleaPHP Loaded =======
[2012-05-05 15:02:06] REQUEST_URI: /member/login/lang/zh-cn
[2012-05-05 15:02:06 0.29924100] ======= FleaPHP End (elapsed: 0.121374 seconds) =======

[2012-05-05 15:02:11 0.64183100] ======= FleaPHP Loaded =======
[2012-05-05 15:02:11] REQUEST_URI: /information/index/do/provision/lang/zh-cn
[2012-05-05 15:02:11 0.77338400] ======= FleaPHP End (elapsed: 0.131553 seconds) =======

[2012-05-05 15:02:57 0.52293000] ======= FleaPHP Loaded =======
[2012-05-05 15:02:57] REQUEST_URI: /information/index/do/provision/lang/zh-cn
[2012-05-05 15:02:57 0.70992900] ======= FleaPHP End (elapsed: 0.186999 seconds) =======

[2012-05-05 15:03:51 0.14610500] ======= FleaPHP Loaded =======
[2012-05-05 15:03:51] REQUEST_URI: /information/index/do/provision/lang/zh-cn
[2012-05-05 15:03:51 0.25624600] ======= FleaPHP End (elapsed: 0.110141 seconds) =======

[2012-05-05 15:04:13 0.50656400] ======= FleaPHP Loaded =======
[2012-05-05 15:04:13] REQUEST_URI: /information/index/do/provision/lang/zh-cn
[2012-05-05 15:04:13 0.62445200] ======= FleaPHP End (elapsed: 0.117888 seconds) =======

[2012-05-05 15:04:25 0.35572200] ======= FleaPHP Loaded =======
[2012-05-05 15:04:25] REQUEST_URI: /information/index/do/provision/lang/zh-cn
[2012-05-05 15:04:25 0.47293500] ======= FleaPHP End (elapsed: 0.117213 seconds) =======

[2012-05-05 15:04:44 0.85869300] ======= FleaPHP Loaded =======
[2012-05-05 15:04:44] REQUEST_URI: /information/index/do/provision/lang/zh-cn
[2012-05-05 15:04:44 0.97384200] ======= FleaPHP End (elapsed: 0.115149 seconds) =======

[2012-05-05 15:07:31 0.48058400] ======= FleaPHP Loaded =======
[2012-05-05 15:07:31] REQUEST_URI: /information/index/do/provision/lang/zh-cn
[2012-05-05 15:07:31 0.59436300] ======= FleaPHP End (elapsed: 0.113779 seconds) =======

[2012-05-05 15:07:58 0.31427400] ======= FleaPHP Loaded =======
[2012-05-05 15:07:58] REQUEST_URI: /information/index/do/provision/lang/zh-cn
[2012-05-05 15:07:58 0.48491700] ======= FleaPHP End (elapsed: 0.170643 seconds) =======

[2012-05-05 15:12:17 0.66657800] ======= FleaPHP Loaded =======
[2012-05-05 15:12:17] REQUEST_URI: /information/index/do/provision/lang/zh-cn
[2012-05-05 15:12:17 0.76277800] ======= FleaPHP End (elapsed: 0.096200 seconds) =======

[2012-05-05 15:12:22 0.57325700] ======= FleaPHP Loaded =======
[2012-05-05 15:12:22] REQUEST_URI: /information/index/do/provision/lang/zh-cn
[2012-05-05 15:12:22 0.63583200] ======= FleaPHP End (elapsed: 0.062575 seconds) =======

[2012-05-05 15:13:49 0.68059400] ======= FleaPHP Loaded =======
[2012-05-05 15:13:49] REQUEST_URI: /information/index/do/provision/lang/zh-cn
[2012-05-05 15:13:49 0.80499600] ======= FleaPHP End (elapsed: 0.124402 seconds) =======

[2012-05-05 15:14:33 0.44369100] ======= FleaPHP Loaded =======
[2012-05-05 15:14:33] REQUEST_URI: /information/index/do/provision/lang/zh-cn
[2012-05-05 15:14:33 0.56482000] ======= FleaPHP End (elapsed: 0.121129 seconds) =======

[2012-05-05 15:14:44 0.74931700] ======= FleaPHP Loaded =======
[2012-05-05 15:14:44] REQUEST_URI: /products/index/cate_id/3673
[2012-05-05 15:14:44 0.78381500] ======= FleaPHP End (elapsed: 0.034498 seconds) =======

[2012-05-05 15:16:22 0.33328200] ======= FleaPHP Loaded =======
[2012-05-05 15:16:22] REQUEST_URI: /products/index/cate_id/3673
[2012-05-05 15:16:22 0.43974900] ======= FleaPHP End (elapsed: 0.106467 seconds) =======

[2012-05-05 15:16:24 0.74191800] ======= FleaPHP Loaded =======
[2012-05-05 15:16:24] REQUEST_URI: /products/index/cate_id/3673
[2012-05-05 15:16:24 0.82527200] ======= FleaPHP End (elapsed: 0.083354 seconds) =======

[2012-05-05 15:16:55 0.32317600] ======= FleaPHP Loaded =======
[2012-05-05 15:16:55] REQUEST_URI: /products/index/cate_id/3673
[2012-05-05 15:16:55 0.40518900] ======= FleaPHP End (elapsed: 0.082013 seconds) =======

[2012-05-05 15:16:57 0.46937400] ======= FleaPHP Loaded =======
[2012-05-05 15:16:57] REQUEST_URI: /products/index/cate_id/1
[2012-05-05 15:16:57 0.54300900] ======= FleaPHP End (elapsed: 0.073635 seconds) =======

[2012-05-05 15:17:00 0.15659200] ======= FleaPHP Loaded =======
[2012-05-05 15:17:00] REQUEST_URI: /information/payment/lang/zh-cn
[2012-05-05 15:17:00 0.22677000] ======= FleaPHP End (elapsed: 0.070178 seconds) =======

[2012-05-05 15:17:15 0.16499300] ======= FleaPHP Loaded =======
[2012-05-05 15:17:15] REQUEST_URI: /information/provision/lang/zh-cn
[2012-05-05 15:17:15 0.24041600] ======= FleaPHP End (elapsed: 0.075423 seconds) =======

[2012-05-05 15:20:43 0.59184300] ======= FleaPHP Loaded =======
[2012-05-05 15:20:43] REQUEST_URI: /information/payment/lang/zh-cn
[2012-05-05 15:20:43 0.72315700] ======= FleaPHP End (elapsed: 0.131314 seconds) =======

[2012-05-05 15:20:47 0.38660400] ======= FleaPHP Loaded =======
[2012-05-05 15:20:47] REQUEST_URI: /information/payment/lang/zh-cn
[2012-05-05 15:20:47 0.45147900] ======= FleaPHP End (elapsed: 0.064875 seconds) =======

[2012-05-05 17:26:03 0.94978100] ======= FleaPHP Loaded =======
[2012-05-05 17:26:03] REQUEST_URI: /products/newprodcontent
[2012-05-05 17:26:04 0.06009100] ======= FleaPHP End (elapsed: 0.110310 seconds) =======

[2012-05-05 17:26:04 0.18621900] ======= FleaPHP Loaded =======
[2012-05-05 17:26:04] REQUEST_URI: /
[2012-05-05 17:26:04 0.31142700] ======= FleaPHP End (elapsed: 0.125208 seconds) =======

[2012-05-05 17:27:14 0.54786700] ======= FleaPHP Loaded =======
[2012-05-05 17:27:14] REQUEST_URI: /products/newprodcontent
[2012-05-05 17:27:14 0.67559400] ======= FleaPHP End (elapsed: 0.127727 seconds) =======

[2012-05-05 17:27:14 0.78048600] ======= FleaPHP Loaded =======
[2012-05-05 17:27:14] REQUEST_URI: /
[2012-05-05 17:27:14 0.88173200] ======= FleaPHP End (elapsed: 0.101246 seconds) =======

[2012-05-05 17:31:24 0.40665800] ======= FleaPHP Loaded =======
[2012-05-05 17:31:24] REQUEST_URI: /products/newprodcontent
[2012-05-05 17:31:24 0.52131000] ======= FleaPHP End (elapsed: 0.114652 seconds) =======

[2012-05-05 17:31:24 0.64594300] ======= FleaPHP Loaded =======
[2012-05-05 17:31:24] REQUEST_URI: /
[2012-05-05 17:31:24 0.71369600] ======= FleaPHP End (elapsed: 0.067753 seconds) =======

[2012-05-05 17:32:05 0.64247500] ======= FleaPHP Loaded =======
[2012-05-05 17:32:05] REQUEST_URI: /products/newprodcontent
[2012-05-05 17:32:05 0.75618400] ======= FleaPHP End (elapsed: 0.113709 seconds) =======

[2012-05-05 17:32:05 0.89657800] ======= FleaPHP Loaded =======
[2012-05-05 17:32:05] REQUEST_URI: /
[2012-05-05 17:32:05 0.96066000] ======= FleaPHP End (elapsed: 0.064082 seconds) =======

[2012-05-05 17:32:27 0.61610000] ======= FleaPHP Loaded =======
[2012-05-05 17:32:27] REQUEST_URI: /products/newprodcontent
[2012-05-05 17:32:27 0.77094700] ======= FleaPHP End (elapsed: 0.154847 seconds) =======

[2012-05-05 17:32:27 0.85874600] ======= FleaPHP Loaded =======
[2012-05-05 17:32:27] REQUEST_URI: /
[2012-05-05 17:32:27 0.94386400] ======= FleaPHP End (elapsed: 0.085118 seconds) =======

[2012-05-05 17:45:32 0.06390200] ======= FleaPHP Loaded =======
[2012-05-05 17:45:32] REQUEST_URI: /products/newprodcontent
[2012-05-05 17:45:32 0.16943500] ======= FleaPHP End (elapsed: 0.105533 seconds) =======

[2012-05-05 17:45:32 0.31073300] ======= FleaPHP Loaded =======
[2012-05-05 17:45:32] REQUEST_URI: /
[2012-05-05 17:45:32 0.40847400] ======= FleaPHP End (elapsed: 0.097741 seconds) =======

[2012-05-05 17:45:56 0.90856100] ======= FleaPHP Loaded =======
[2012-05-05 17:45:56] REQUEST_URI: /products/newprodcontent
[2012-05-05 17:45:57 0.10438800] ======= FleaPHP End (elapsed: 0.195827 seconds) =======

[2012-05-05 17:45:57 0.26517100] ======= FleaPHP Loaded =======
[2012-05-05 17:45:57] REQUEST_URI: /
[2012-05-05 17:45:57 0.32619000] ======= FleaPHP End (elapsed: 0.061019 seconds) =======

[2012-05-05 17:50:27 0.50173400] ======= FleaPHP Loaded =======
[2012-05-05 17:50:27] REQUEST_URI: /products/newprodcontent
[2012-05-05 17:50:27 0.59680100] ======= FleaPHP End (elapsed: 0.095067 seconds) =======

[2012-05-05 17:50:27 0.69551100] ======= FleaPHP Loaded =======
[2012-05-05 17:50:27] REQUEST_URI: /
[2012-05-05 17:50:27 0.76976500] ======= FleaPHP End (elapsed: 0.074254 seconds) =======

[2012-05-05 17:50:37 0.79655400] ======= FleaPHP Loaded =======
[2012-05-05 17:50:37] REQUEST_URI: /information/provision/lang/zh-cn
[2012-05-05 17:50:37 0.86784400] ======= FleaPHP End (elapsed: 0.071290 seconds) =======

[2012-05-05 17:51:39 0.73542900] ======= FleaPHP Loaded =======
[2012-05-05 17:51:39] REQUEST_URI: /products/newprodcontent
[2012-05-05 17:51:39 0.84003500] ======= FleaPHP End (elapsed: 0.104606 seconds) =======

[2012-05-07 09:27:53 0.30985300] ======= FleaPHP Loaded =======
[2012-05-07 09:27:53] REQUEST_URI: /
[2012-05-07 09:27:54 0.04802500] ======= FleaPHP End (elapsed: 0.738172 seconds) =======

[2012-05-07 09:28:05 0.09105000] ======= FleaPHP Loaded =======
[2012-05-07 09:28:05] REQUEST_URI: /products/newprodcontent
[2012-05-07 09:28:05 0.42278200] ======= FleaPHP End (elapsed: 0.331732 seconds) =======

[2012-05-07 09:28:55 0.66828400] ======= FleaPHP Loaded =======
[2012-05-07 09:28:55] REQUEST_URI: /products/emailreg
[2012-05-07 09:28:55 0.84562600] ======= FleaPHP End (elapsed: 0.177342 seconds) =======

[2012-05-07 09:30:18 0.15954400] ======= FleaPHP Loaded =======
[2012-05-07 09:30:18] REQUEST_URI: /products/emailreg
[2012-05-07 09:30:18 0.35795400] ======= FleaPHP End (elapsed: 0.198410 seconds) =======

[2012-05-07 09:30:47 0.03715800] ======= FleaPHP Loaded =======
[2012-05-07 09:30:47] REQUEST_URI: /products/emailreg
[2012-05-07 09:30:47 0.18814700] ======= FleaPHP End (elapsed: 0.150989 seconds) =======

[2012-05-07 09:30:56 0.25804200] ======= FleaPHP Loaded =======
[2012-05-07 09:30:56] REQUEST_URI: /products/emailreg
[2012-05-07 09:30:56 0.38596500] ======= FleaPHP End (elapsed: 0.127923 seconds) =======

[2012-05-07 09:31:10 0.29967300] ======= FleaPHP Loaded =======
[2012-05-07 09:31:10] REQUEST_URI: /products/emailreg
[2012-05-07 09:31:10 0.42547800] ======= FleaPHP End (elapsed: 0.125805 seconds) =======

[2012-05-07 09:31:28 0.37067500] ======= FleaPHP Loaded =======
[2012-05-07 09:31:28] REQUEST_URI: /products/emailreg
[2012-05-07 09:31:28 0.42618900] ======= FleaPHP End (elapsed: 0.055514 seconds) =======

[2012-05-07 09:31:29 0.36595500] ======= FleaPHP Loaded =======
[2012-05-07 09:31:29] REQUEST_URI: /products/emailreg
[2012-05-07 09:31:29 0.41842200] ======= FleaPHP End (elapsed: 0.052467 seconds) =======

[2012-05-07 09:31:29 0.85416500] ======= FleaPHP Loaded =======
[2012-05-07 09:31:29] REQUEST_URI: /products/emailreg
[2012-05-07 09:31:29 0.90694900] ======= FleaPHP End (elapsed: 0.052784 seconds) =======

[2012-05-07 09:31:30 0.31150500] ======= FleaPHP Loaded =======
[2012-05-07 09:31:30] REQUEST_URI: /products/emailreg
[2012-05-07 09:31:30 0.36400000] ======= FleaPHP End (elapsed: 0.052495 seconds) =======

[2012-05-07 09:31:40 0.71827100] ======= FleaPHP Loaded =======
[2012-05-07 09:31:40] REQUEST_URI: /products/emailreg
[2012-05-07 09:31:40 0.86586900] ======= FleaPHP End (elapsed: 0.147598 seconds) =======

[2012-05-07 09:31:41 0.50760100] ======= FleaPHP Loaded =======
[2012-05-07 09:31:41] REQUEST_URI: /products/emailreg
[2012-05-07 09:31:41 0.55876500] ======= FleaPHP End (elapsed: 0.051164 seconds) =======

[2012-05-07 09:31:42 0.15304500] ======= FleaPHP Loaded =======
[2012-05-07 09:31:42] REQUEST_URI: /products/emailreg
[2012-05-07 09:31:42 0.21054000] ======= FleaPHP End (elapsed: 0.057495 seconds) =======

[2012-05-07 09:32:17 0.86905800] ======= FleaPHP Loaded =======
[2012-05-07 09:32:17] REQUEST_URI: /products/emailreg
[2012-05-07 09:32:18 0.00531700] ======= FleaPHP End (elapsed: 0.136259 seconds) =======

[2012-05-07 09:54:01 0.00750100] ======= FleaPHP Loaded =======
[2012-05-07 09:54:01] REQUEST_URI: /products/emailreg
[2012-05-07 09:54:01 0.10787500] ======= FleaPHP End (elapsed: 0.100374 seconds) =======

[2012-05-07 09:55:04 0.52090400] ======= FleaPHP Loaded =======
[2012-05-07 09:55:04] REQUEST_URI: /products/emailreg
[2012-05-07 09:55:04 0.65777700] ======= FleaPHP End (elapsed: 0.136873 seconds) =======

[2012-05-07 09:55:17 0.32560300] ======= FleaPHP Loaded =======
[2012-05-07 09:55:17] REQUEST_URI: /products/emailreg
[2012-05-07 09:55:17 0.45714000] ======= FleaPHP End (elapsed: 0.131537 seconds) =======

[2012-05-07 09:55:27 0.18196200] ======= FleaPHP Loaded =======
[2012-05-07 09:55:27] REQUEST_URI: /products/emailreg
[2012-05-07 09:55:27 0.29806900] ======= FleaPHP End (elapsed: 0.116107 seconds) =======

[2012-05-07 09:55:52 0.32632100] ======= FleaPHP Loaded =======
[2012-05-07 09:55:52] REQUEST_URI: /products/emailreg
[2012-05-07 09:55:52 0.45798000] ======= FleaPHP End (elapsed: 0.131659 seconds) =======

[2012-05-07 09:56:03 0.74599200] ======= FleaPHP Loaded =======
[2012-05-07 09:56:03] REQUEST_URI: /products/emailreg
[2012-05-07 09:56:03 0.89915900] ======= FleaPHP End (elapsed: 0.153167 seconds) =======

[2012-05-07 09:56:16 0.48215700] ======= FleaPHP Loaded =======
[2012-05-07 09:56:16] REQUEST_URI: /products/emailreg
[2012-05-07 09:56:16 0.58548700] ======= FleaPHP End (elapsed: 0.103330 seconds) =======

[2012-05-07 09:56:34 0.83976800] ======= FleaPHP Loaded =======
[2012-05-07 09:56:34] REQUEST_URI: /products/emailreg
[2012-05-07 09:56:34 0.96909900] ======= FleaPHP End (elapsed: 0.129331 seconds) =======

[2012-05-07 09:56:53 0.29291900] ======= FleaPHP Loaded =======
[2012-05-07 09:56:53] REQUEST_URI: /products/emailreg
[2012-05-07 09:56:53 0.41440200] ======= FleaPHP End (elapsed: 0.121483 seconds) =======

[2012-05-07 09:57:30 0.30104100] ======= FleaPHP Loaded =======
[2012-05-07 09:57:30] REQUEST_URI: /products/emailreg
[2012-05-07 09:57:30 0.42857800] ======= FleaPHP End (elapsed: 0.127537 seconds) =======

[2012-05-07 09:58:05 0.58225300] ======= FleaPHP Loaded =======
[2012-05-07 09:58:05] REQUEST_URI: /products/emailreg
[2012-05-07 09:58:05 0.68707300] ======= FleaPHP End (elapsed: 0.104820 seconds) =======

[2012-05-07 09:58:16 0.52728400] ======= FleaPHP Loaded =======
[2012-05-07 09:58:16] REQUEST_URI: /products/emailreg
[2012-05-07 09:58:16 0.65340400] ======= FleaPHP End (elapsed: 0.126120 seconds) =======

[2012-05-07 09:58:30 0.24537800] ======= FleaPHP Loaded =======
[2012-05-07 09:58:30] REQUEST_URI: /products/emailreg
[2012-05-07 09:58:30 0.42006500] ======= FleaPHP End (elapsed: 0.174687 seconds) =======

[2012-05-07 09:58:43 0.57346300] ======= FleaPHP Loaded =======
[2012-05-07 09:58:43] REQUEST_URI: /products/emailreg
[2012-05-07 09:58:43 0.70214700] ======= FleaPHP End (elapsed: 0.128684 seconds) =======

[2012-05-07 09:59:35 0.02106800] ======= FleaPHP Loaded =======
[2012-05-07 09:59:35] REQUEST_URI: /products/emailreg
[2012-05-07 09:59:35 0.14475900] ======= FleaPHP End (elapsed: 0.123691 seconds) =======

[2012-05-07 09:59:43 0.03742700] ======= FleaPHP Loaded =======
[2012-05-07 09:59:43] REQUEST_URI: /products/emailreg
[2012-05-07 09:59:43 0.17147900] ======= FleaPHP End (elapsed: 0.134052 seconds) =======

[2012-05-07 09:59:48 0.58247400] ======= FleaPHP Loaded =======
[2012-05-07 09:59:48] REQUEST_URI: /products/emailreg/username/a
[2012-05-07 09:59:48 0.64030300] ======= FleaPHP End (elapsed: 0.057829 seconds) =======

[2012-05-07 09:59:55 0.87053500] ======= FleaPHP Loaded =======
[2012-05-07 09:59:55] REQUEST_URI: /products/emailreg/username/a/password/bbbb
[2012-05-07 09:59:55 0.92930800] ======= FleaPHP End (elapsed: 0.058773 seconds) =======

[2012-05-07 09:59:59 0.92874300] ======= FleaPHP Loaded =======
[2012-05-07 09:59:59] REQUEST_URI: /products/emailreg/username/aaaa/password/bbbb
[2012-05-07 09:59:59 0.98882100] ======= FleaPHP End (elapsed: 0.060078 seconds) =======

[2012-05-07 10:00:11 0.90833500] ======= FleaPHP Loaded =======
[2012-05-07 10:00:11] REQUEST_URI: /products/emailreg/username/aaaa/password/bbbb
[2012-05-07 10:00:11 0.98421600] ======= FleaPHP End (elapsed: 0.075881 seconds) =======

[2012-05-07 10:00:18 0.69269900] ======= FleaPHP Loaded =======
[2012-05-07 10:00:18] REQUEST_URI: /products/emailreg/username/aaaa/password/bbbb
[2012-05-07 10:00:18 0.79600300] ======= FleaPHP End (elapsed: 0.103304 seconds) =======

[2012-05-07 10:00:21 0.34104900] ======= FleaPHP Loaded =======
[2012-05-07 10:00:21] REQUEST_URI: /products/emailreg/username/aaaa/password/bbbb
[2012-05-07 10:00:21 0.39429100] ======= FleaPHP End (elapsed: 0.053242 seconds) =======

[2012-05-07 10:00:29 0.04920200] ======= FleaPHP Loaded =======
[2012-05-07 10:00:29] REQUEST_URI: /products/emailreg/username/aaaa/password/bbbb
[2012-05-07 10:00:29 0.18880000] ======= FleaPHP End (elapsed: 0.139598 seconds) =======

[2012-05-07 10:02:04 0.78992300] ======= FleaPHP Loaded =======
[2012-05-07 10:02:04] REQUEST_URI: /products/emailreg/username/aaaa/password/bbbb
[2012-05-07 10:02:04 0.84692600] ======= FleaPHP End (elapsed: 0.057003 seconds) =======

[2012-05-07 10:02:05 0.85364400] ======= FleaPHP Loaded =======
[2012-05-07 10:02:05] REQUEST_URI: /products/emailreg/username/aaaa/password/bbbb
[2012-05-07 10:02:05 0.90833500] ======= FleaPHP End (elapsed: 0.054691 seconds) =======

[2012-05-07 10:02:17 0.54078300] ======= FleaPHP Loaded =======
[2012-05-07 10:02:17] REQUEST_URI: /products/newprodcontent
[2012-05-07 10:02:17 0.65593500] ======= FleaPHP End (elapsed: 0.115152 seconds) =======

[2012-05-07 10:04:17 0.08838600] ======= FleaPHP Loaded =======
[2012-05-07 10:04:17] REQUEST_URI: /products/emailreg/username/aaaa/password/bbbb
[2012-05-07 10:04:17 0.19105800] ======= FleaPHP End (elapsed: 0.102672 seconds) =======

[2012-05-07 10:04:27 0.70610200] ======= FleaPHP Loaded =======
[2012-05-07 10:04:27] REQUEST_URI: /products/emailreg/username/aaaa/password/bbbb
[2012-05-07 10:04:27 0.83072600] ======= FleaPHP End (elapsed: 0.124624 seconds) =======

[2012-05-07 10:04:28 0.97064900] ======= FleaPHP Loaded =======
[2012-05-07 10:04:29] REQUEST_URI: /products/emailreg/username/aaaa/password/bbbb
[2012-05-07 10:04:29 0.02863200] ======= FleaPHP End (elapsed: 0.057983 seconds) =======

[2012-05-07 10:04:31 0.42122000] ======= FleaPHP Loaded =======
[2012-05-07 10:04:31] REQUEST_URI: /products/emailreg/username/aaaa/password/bbbb
[2012-05-07 10:04:31 0.47765100] ======= FleaPHP End (elapsed: 0.056431 seconds) =======

[2012-05-07 10:04:43 0.14086600] ======= FleaPHP Loaded =======
[2012-05-07 10:04:43] REQUEST_URI: /products/emailreg/username/aaaa/password/bbbb
[2012-05-07 10:04:43 0.26932800] ======= FleaPHP End (elapsed: 0.128462 seconds) =======

[2012-05-07 10:06:47 0.90373400] ======= FleaPHP Loaded =======
[2012-05-07 10:06:47] REQUEST_URI: /products/emailreg/username/aaaa/password/bbbb
[2012-05-07 10:06:47 0.96004400] ======= FleaPHP End (elapsed: 0.056310 seconds) =======

[2012-05-07 10:07:09 0.38631400] ======= FleaPHP Loaded =======
[2012-05-07 10:07:09] REQUEST_URI: /products/emailreg/username/aaaa/password/bbbb
[2012-05-07 10:07:09 0.52164100] ======= FleaPHP End (elapsed: 0.135327 seconds) =======

[2012-05-07 10:07:19 0.44561500] ======= FleaPHP Loaded =======
[2012-05-07 10:07:19] REQUEST_URI: /products/emailreg/username/aaaa/password/bbbb
[2012-05-07 10:07:19 0.59468300] ======= FleaPHP End (elapsed: 0.149068 seconds) =======

[2012-05-07 10:07:47 0.18162800] ======= FleaPHP Loaded =======
[2012-05-07 10:07:47] REQUEST_URI: /products/emailreg/username/aaaa/password/bbbb
[2012-05-07 10:07:47 0.30376600] ======= FleaPHP End (elapsed: 0.122138 seconds) =======

[2012-05-08 08:44:22 0.66139700] ======= FleaPHP Loaded =======
[2012-05-08 08:44:22] REQUEST_URI: /
[2012-05-08 08:44:23 0.06112400] ======= FleaPHP End (elapsed: 0.399727 seconds) =======

[2012-05-08 08:44:23 0.87946600] ======= FleaPHP Loaded =======
[2012-05-08 08:44:23] REQUEST_URI: /favicon.ico
[2012-05-08 08:44:23 0.98585000] ======= FleaPHP End (elapsed: 0.106384 seconds) =======

[2012-05-08 08:46:25 0.90244500] ======= FleaPHP Loaded =======
[2012-05-08 08:46:25] REQUEST_URI: /
[2012-05-08 08:46:25 0.95288200] ======= FleaPHP End (elapsed: 0.050437 seconds) =======

[2012-05-08 08:46:26 0.83049800] ======= FleaPHP Loaded =======
[2012-05-08 08:46:26] REQUEST_URI: /favicon.ico
[2012-05-08 08:46:26 0.91933800] ======= FleaPHP End (elapsed: 0.088840 seconds) =======

[2012-05-08 08:47:05 0.94373600] ======= FleaPHP Loaded =======
[2012-05-08 08:47:05] REQUEST_URI: /
[2012-05-08 08:47:05 0.98746500] ======= FleaPHP End (elapsed: 0.043729 seconds) =======

[2012-05-08 08:47:06 0.83078600] ======= FleaPHP Loaded =======
[2012-05-08 08:47:06] REQUEST_URI: /favicon.ico
[2012-05-08 08:47:06 0.96885000] ======= FleaPHP End (elapsed: 0.138064 seconds) =======

[2012-05-08 08:48:35 0.58886300] ======= FleaPHP Loaded =======
[2012-05-08 08:48:35] REQUEST_URI: /
[2012-05-08 08:48:35 0.63828800] ======= FleaPHP End (elapsed: 0.049425 seconds) =======

[2012-05-08 08:48:36 0.40291000] ======= FleaPHP Loaded =======
[2012-05-08 08:48:36] REQUEST_URI: /favicon.ico
[2012-05-08 08:48:36 0.51253400] ======= FleaPHP End (elapsed: 0.109624 seconds) =======

[2012-05-08 08:53:59 0.67240000] ======= FleaPHP Loaded =======
[2012-05-08 08:53:59] REQUEST_URI: /
[2012-05-08 08:53:59 0.72047600] ======= FleaPHP End (elapsed: 0.048076 seconds) =======

[2012-05-08 08:54:00 0.48244700] ======= FleaPHP Loaded =======
[2012-05-08 08:54:00] REQUEST_URI: /favicon.ico
[2012-05-08 08:54:00 0.51997000] ======= FleaPHP End (elapsed: 0.037523 seconds) =======

[2012-05-08 08:54:51 0.24834900] ======= FleaPHP Loaded =======
[2012-05-08 08:54:51] REQUEST_URI: /
[2012-05-08 08:54:51 0.29030100] ======= FleaPHP End (elapsed: 0.041952 seconds) =======

[2012-05-08 08:54:52 0.17340200] ======= FleaPHP Loaded =======
[2012-05-08 08:54:52] REQUEST_URI: /favicon.ico
[2012-05-08 08:54:52 0.28368600] ======= FleaPHP End (elapsed: 0.110284 seconds) =======

[2012-05-08 08:56:31 0.42808000] ======= FleaPHP Loaded =======
[2012-05-08 08:56:31] REQUEST_URI: /
[2012-05-08 08:56:31 0.47377300] ======= FleaPHP End (elapsed: 0.045693 seconds) =======

[2012-05-08 08:56:32 0.34013200] ======= FleaPHP Loaded =======
[2012-05-08 08:56:32] REQUEST_URI: /favicon.ico
[2012-05-08 08:56:32 0.39425100] ======= FleaPHP End (elapsed: 0.054119 seconds) =======

[2012-05-08 08:56:55 0.35744800] ======= FleaPHP Loaded =======
[2012-05-08 08:56:55] REQUEST_URI: /
[2012-05-08 08:56:55 0.40015600] ======= FleaPHP End (elapsed: 0.042708 seconds) =======

[2012-05-08 08:56:56 0.17249500] ======= FleaPHP Loaded =======
[2012-05-08 08:56:56] REQUEST_URI: /favicon.ico
[2012-05-08 08:56:56 0.26946800] ======= FleaPHP End (elapsed: 0.096973 seconds) =======

[2012-05-08 08:57:10 0.64932200] ======= FleaPHP Loaded =======
[2012-05-08 08:57:10] REQUEST_URI: /
[2012-05-08 08:57:10 0.70139700] ======= FleaPHP End (elapsed: 0.052075 seconds) =======

[2012-05-08 08:57:11 0.38936600] ======= FleaPHP Loaded =======
[2012-05-08 08:57:11] REQUEST_URI: /favicon.ico
[2012-05-08 08:57:11 0.42823900] ======= FleaPHP End (elapsed: 0.038873 seconds) =======

[2012-05-08 08:57:40 0.76104600] ======= FleaPHP Loaded =======
[2012-05-08 08:57:40] REQUEST_URI: /
[2012-05-08 08:57:40 0.82332000] ======= FleaPHP End (elapsed: 0.062274 seconds) =======

[2012-05-08 08:57:41 0.60609400] ======= FleaPHP Loaded =======
[2012-05-08 08:57:41] REQUEST_URI: /favicon.ico
[2012-05-08 08:57:41 0.69098900] ======= FleaPHP End (elapsed: 0.084895 seconds) =======

[2012-05-08 08:57:58 0.92508500] ======= FleaPHP Loaded =======
[2012-05-08 08:57:58] REQUEST_URI: /products/index/cate_id/3634
[2012-05-08 08:57:59 0.04523300] ======= FleaPHP End (elapsed: 0.120148 seconds) =======

[2012-05-08 08:57:59 0.45111400] ======= FleaPHP Loaded =======
[2012-05-08 08:57:59] REQUEST_URI: /favicon.ico
[2012-05-08 08:57:59 0.51091500] ======= FleaPHP End (elapsed: 0.059801 seconds) =======

[2012-05-08 08:58:01 0.28321900] ======= FleaPHP Loaded =======
[2012-05-08 08:58:01] REQUEST_URI: /products/view/cate_id/3634/id/17/lang/zh-cn
[2012-05-08 08:58:01 0.42872200] ======= FleaPHP End (elapsed: 0.145503 seconds) =======

[2012-05-08 08:58:02 0.03526100] ======= FleaPHP Loaded =======
[2012-05-08 08:58:02] REQUEST_URI: /favicon.ico
[2012-05-08 08:58:02 0.08837100] ======= FleaPHP End (elapsed: 0.053110 seconds) =======

[2012-05-08 09:01:48 0.70122600] ======= FleaPHP Loaded =======
[2012-05-08 09:01:48] REQUEST_URI: /products/view/cate_id/3634/id/17/lang/zh-cn
[2012-05-08 09:01:48 0.78138900] ======= FleaPHP End (elapsed: 0.080163 seconds) =======

[2012-05-08 09:01:49 0.52027300] ======= FleaPHP Loaded =======
[2012-05-08 09:01:49] REQUEST_URI: /favicon.ico
[2012-05-08 09:01:49 0.58455400] ======= FleaPHP End (elapsed: 0.064281 seconds) =======

[2012-05-08 09:01:54 0.81457600] ======= FleaPHP Loaded =======
[2012-05-08 09:01:54] REQUEST_URI: /member/addfav/pro_id/17/lang/zh-cn
[2012-05-08 09:01:54 0.89887700] ======= FleaPHP End (elapsed: 0.084301 seconds) =======

[2012-05-08 09:02:10 0.29946100] ======= FleaPHP Loaded =======
[2012-05-08 09:02:10] REQUEST_URI: /member/addfav/pro_id/17/lang/zh-cn
[2012-05-08 09:02:10 0.32486600] ======= FleaPHP End (elapsed: 0.025405 seconds) =======

[2012-05-08 09:03:20 0.08045300] ======= FleaPHP Loaded =======
[2012-05-08 09:03:20] REQUEST_URI: /products/view/cate_id/3634/id/17/lang/zh-cn
[2012-05-08 09:03:20 0.15028100] ======= FleaPHP End (elapsed: 0.069828 seconds) =======

[2012-05-08 09:03:20 0.86649800] ======= FleaPHP Loaded =======
[2012-05-08 09:03:20] REQUEST_URI: /favicon.ico
[2012-05-08 09:03:20 0.97235700] ======= FleaPHP End (elapsed: 0.105859 seconds) =======

[2012-05-08 09:03:22 0.96261700] ======= FleaPHP Loaded =======
[2012-05-08 09:03:22] REQUEST_URI: /member/addfav/pro_id/17/lang/zh-cn
[2012-05-08 09:03:22 0.98560000] ======= FleaPHP End (elapsed: 0.022983 seconds) =======

[2012-05-08 09:03:25 0.05673800] ======= FleaPHP Loaded =======
[2012-05-08 09:03:25] REQUEST_URI: /
[2012-05-08 09:03:25 0.09981900] ======= FleaPHP End (elapsed: 0.043081 seconds) =======

[2012-05-08 09:03:25 0.51676400] ======= FleaPHP Loaded =======
[2012-05-08 09:03:25] REQUEST_URI: /favicon.ico
[2012-05-08 09:03:25 0.56846600] ======= FleaPHP End (elapsed: 0.051702 seconds) =======

[2012-05-08 09:03:30 0.43204500] ======= FleaPHP Loaded =======
[2012-05-08 09:03:30] REQUEST_URI: /products/index/cate_id/1
[2012-05-08 09:03:30 0.51291300] ======= FleaPHP End (elapsed: 0.080868 seconds) =======

[2012-05-08 09:03:30 0.92007300] ======= FleaPHP Loaded =======
[2012-05-08 09:03:30] REQUEST_URI: /favicon.ico
[2012-05-08 09:03:30 0.96301000] ======= FleaPHP End (elapsed: 0.042937 seconds) =======

[2012-05-08 09:03:32 0.40715800] ======= FleaPHP Loaded =======
[2012-05-08 09:03:32] REQUEST_URI: /products/index/cate_id/3673
[2012-05-08 09:03:32 0.49281300] ======= FleaPHP End (elapsed: 0.085655 seconds) =======

[2012-05-08 09:03:33 0.07919700] ======= FleaPHP Loaded =======
[2012-05-08 09:03:33] REQUEST_URI: /favicon.ico
[2012-05-08 09:03:33 0.13139100] ======= FleaPHP End (elapsed: 0.052194 seconds) =======

[2012-05-08 09:03:34 0.50327800] ======= FleaPHP Loaded =======
[2012-05-08 09:03:34] REQUEST_URI: /products/view/cate_id/3635/id/65/lang/zh-cn
[2012-05-08 09:03:34 0.57360100] ======= FleaPHP End (elapsed: 0.070323 seconds) =======

[2012-05-08 09:03:35 0.11331200] ======= FleaPHP Loaded =======
[2012-05-08 09:03:35] REQUEST_URI: /favicon.ico
[2012-05-08 09:03:35 0.16434900] ======= FleaPHP End (elapsed: 0.051037 seconds) =======

[2012-05-08 09:03:36 0.40438700] ======= FleaPHP Loaded =======
[2012-05-08 09:03:36] REQUEST_URI: /member/addfav/pro_id/65/lang/zh-cn
[2012-05-08 09:03:36 0.42733800] ======= FleaPHP End (elapsed: 0.022951 seconds) =======

[2012-05-08 09:08:13 0.90726000] ======= FleaPHP Loaded =======
[2012-05-08 09:08:13] REQUEST_URI: /
[2012-05-08 09:08:13 0.95788000] ======= FleaPHP End (elapsed: 0.050620 seconds) =======

[2012-05-08 09:08:19 0.68158900] ======= FleaPHP Loaded =======
[2012-05-08 09:08:19] REQUEST_URI: /
[2012-05-08 09:08:19 0.85405600] ======= FleaPHP End (elapsed: 0.172467 seconds) =======

[2012-05-08 09:11:36 0.65485500] ======= FleaPHP Loaded =======
[2012-05-08 09:11:36] REQUEST_URI: /
[2012-05-08 09:11:36 0.70251900] ======= FleaPHP End (elapsed: 0.047664 seconds) =======

[2012-05-08 09:11:41 0.63414000] ======= FleaPHP Loaded =======
[2012-05-08 09:11:41] REQUEST_URI: /
[2012-05-08 09:11:41 0.67513900] ======= FleaPHP End (elapsed: 0.040999 seconds) =======

[2012-05-08 09:11:46 0.34340900] ======= FleaPHP Loaded =======
[2012-05-08 09:11:46] REQUEST_URI: /
[2012-05-08 09:11:46 0.39839500] ======= FleaPHP End (elapsed: 0.054986 seconds) =======

[2012-05-08 09:11:47 0.63148300] ======= FleaPHP Loaded =======
[2012-05-08 09:11:47] REQUEST_URI: /
[2012-05-08 09:11:47 0.67807300] ======= FleaPHP End (elapsed: 0.046590 seconds) =======

[2012-05-08 09:11:48 0.81455100] ======= FleaPHP Loaded =======
[2012-05-08 09:11:48] REQUEST_URI: /
[2012-05-08 09:11:48 0.87351900] ======= FleaPHP End (elapsed: 0.058968 seconds) =======

[2012-05-08 09:11:52 0.86278300] ======= FleaPHP Loaded =======
[2012-05-08 09:11:52] REQUEST_URI: /
[2012-05-08 09:11:52 0.90830300] ======= FleaPHP End (elapsed: 0.045520 seconds) =======

[2012-05-08 09:11:54 0.61488200] ======= FleaPHP Loaded =======
[2012-05-08 09:11:54] REQUEST_URI: /
[2012-05-08 09:11:54 0.65921900] ======= FleaPHP End (elapsed: 0.044337 seconds) =======

[2012-05-08 09:12:15 0.73009000] ======= FleaPHP Loaded =======
[2012-05-08 09:12:15] REQUEST_URI: /
[2012-05-08 09:12:15 0.77614800] ======= FleaPHP End (elapsed: 0.046058 seconds) =======

[2012-05-08 09:12:43 0.79469600] ======= FleaPHP Loaded =======
[2012-05-08 09:12:43] REQUEST_URI: /
[2012-05-08 09:12:43 0.83575700] ======= FleaPHP End (elapsed: 0.041061 seconds) =======

[2012-05-08 09:12:48 0.52796600] ======= FleaPHP Loaded =======
[2012-05-08 09:12:48] REQUEST_URI: /
[2012-05-08 09:12:48 0.58647800] ======= FleaPHP End (elapsed: 0.058512 seconds) =======

[2012-05-08 09:13:08 0.93313300] ======= FleaPHP Loaded =======
[2012-05-08 09:13:08] REQUEST_URI: /
[2012-05-08 09:13:08 0.97881400] ======= FleaPHP End (elapsed: 0.045681 seconds) =======

[2012-05-08 09:14:26 0.71258300] ======= FleaPHP Loaded =======
[2012-05-08 09:14:26] REQUEST_URI: /
[2012-05-08 09:14:26 0.77170200] ======= FleaPHP End (elapsed: 0.059119 seconds) =======

[2012-05-08 09:15:57 0.98380200] ======= FleaPHP Loaded =======
[2012-05-08 09:15:58] REQUEST_URI: /
[2012-05-08 09:15:58 0.04817000] ======= FleaPHP End (elapsed: 0.064368 seconds) =======

[2012-05-08 09:16:17 0.78493600] ======= FleaPHP Loaded =======
[2012-05-08 09:16:17] REQUEST_URI: /
[2012-05-08 09:16:17 0.86938800] ======= FleaPHP End (elapsed: 0.084452 seconds) =======

[2012-05-08 09:17:06 0.57972600] ======= FleaPHP Loaded =======
[2012-05-08 09:17:06] REQUEST_URI: /
[2012-05-08 09:17:06 0.63994600] ======= FleaPHP End (elapsed: 0.060220 seconds) =======

[2012-05-08 09:17:51 0.43929200] ======= FleaPHP Loaded =======
[2012-05-08 09:17:51] REQUEST_URI: /
[2012-05-08 09:17:51 0.48430800] ======= FleaPHP End (elapsed: 0.045016 seconds) =======

[2012-05-08 09:19:16 0.36314900] ======= FleaPHP Loaded =======
[2012-05-08 09:19:16] REQUEST_URI: /products/view/cate_id/3634/id/16/lang/zh-cn
[2012-05-08 09:19:16 0.45565000] ======= FleaPHP End (elapsed: 0.092501 seconds) =======

[2012-05-08 09:20:58 0.21697500] ======= FleaPHP Loaded =======
[2012-05-08 09:20:58] REQUEST_URI: /products/view/cate_id/3634/id/16/lang/zh-cn
[2012-05-08 09:20:58 0.28939000] ======= FleaPHP End (elapsed: 0.072415 seconds) =======

[2012-05-08 09:23:58 0.35627900] ======= FleaPHP Loaded =======
[2012-05-08 09:23:58] REQUEST_URI: /products/view/cate_id/3634/id/16/lang/zh-cn
[2012-05-08 09:23:58 0.43151200] ======= FleaPHP End (elapsed: 0.075233 seconds) =======

[2012-05-08 09:24:32 0.28121800] ======= FleaPHP Loaded =======
[2012-05-08 09:24:32] REQUEST_URI: /products/view/cate_id/3634/id/16/lang/zh-cn
[2012-05-08 09:24:32 0.35274300] ======= FleaPHP End (elapsed: 0.071525 seconds) =======

[2012-05-08 09:25:02 0.43994300] ======= FleaPHP Loaded =======
[2012-05-08 09:25:02] REQUEST_URI: /products/view/cate_id/3634/id/16/lang/zh-cn
[2012-05-08 09:25:02 0.50939600] ======= FleaPHP End (elapsed: 0.069453 seconds) =======

[2012-05-08 09:26:55 0.72642400] ======= FleaPHP Loaded =======
[2012-05-08 09:26:55] REQUEST_URI: /products/view/cate_id/3634/id/16/lang/zh-cn
[2012-05-08 09:26:55 0.81463200] ======= FleaPHP End (elapsed: 0.088208 seconds) =======

[2012-05-08 09:26:59 0.89966200] ======= FleaPHP Loaded =======
[2012-05-08 09:26:59] REQUEST_URI: /products/view/cate_id/3634/id/16/lang/zh-cn
[2012-05-08 09:26:59 0.96498700] ======= FleaPHP End (elapsed: 0.065325 seconds) =======

[2012-05-08 09:27:15 0.19153700] ======= FleaPHP Loaded =======
[2012-05-08 09:27:15] REQUEST_URI: /products/view/cate_id/3634/id/16/lang/zh-cn
[2012-05-08 09:27:15 0.26166300] ======= FleaPHP End (elapsed: 0.070126 seconds) =======

[2012-05-08 09:27:56 0.95792400] ======= FleaPHP Loaded =======
[2012-05-08 09:27:56] REQUEST_URI: /products/view/cate_id/3634/id/16/lang/zh-cn
[2012-05-08 09:27:57 0.01742100] ======= FleaPHP End (elapsed: 0.059497 seconds) =======

[2012-05-08 09:29:51 0.40847100] ======= FleaPHP Loaded =======
[2012-05-08 09:29:51] REQUEST_URI: /products/view/cate_id/3634/id/16/lang/zh-cn
[2012-05-08 09:29:51 0.48020700] ======= FleaPHP End (elapsed: 0.071736 seconds) =======

[2012-05-08 09:29:55 0.49670500] ======= FleaPHP Loaded =======
[2012-05-08 09:29:55] REQUEST_URI: /products/view/cate_id/3634/id/16/lang/zh-cn
[2012-05-08 09:29:55 0.55576000] ======= FleaPHP End (elapsed: 0.059055 seconds) =======

[2012-05-08 09:29:56 0.70777500] ======= FleaPHP Loaded =======
[2012-05-08 09:29:56] REQUEST_URI: /products/view/cate_id/3634/id/16/lang/zh-cn
[2012-05-08 09:29:56 0.79474900] ======= FleaPHP End (elapsed: 0.086974 seconds) =======

[2012-05-08 09:29:57 0.63382700] ======= FleaPHP Loaded =======
[2012-05-08 09:29:57] REQUEST_URI: /products/view/cate_id/3634/id/16/lang/zh-cn
[2012-05-08 09:29:57 0.69280400] ======= FleaPHP End (elapsed: 0.058977 seconds) =======

[2012-05-08 09:31:14 0.78324000] ======= FleaPHP Loaded =======
[2012-05-08 09:31:14] REQUEST_URI: /products/view/cate_id/3634/id/16/lang/zh-cn
[2012-05-08 09:31:14 0.85074100] ======= FleaPHP End (elapsed: 0.067501 seconds) =======

[2012-05-08 09:32:03 0.90305000] ======= FleaPHP Loaded =======
[2012-05-08 09:32:03] REQUEST_URI: /products/view/cate_id/3634/id/16/lang/zh-cn
[2012-05-08 09:32:03 0.96849500] ======= FleaPHP End (elapsed: 0.065445 seconds) =======

[2012-05-08 09:36:13 0.97735400] ======= FleaPHP Loaded =======
[2012-05-08 09:36:13] REQUEST_URI: /products/view/cate_id/3634/id/16/lang/zh-cn
[2012-05-08 09:36:14 0.05773200] ======= FleaPHP End (elapsed: 0.080378 seconds) =======

[2012-05-08 09:45:32 0.67430900] ======= FleaPHP Loaded =======
[2012-05-08 09:45:32] REQUEST_URI: /products/view/cate_id/3634/id/16/lang/zh-cn
[2012-05-08 09:45:32 0.73227800] ======= FleaPHP End (elapsed: 0.057969 seconds) =======

[2012-05-08 09:46:33 0.95381400] ======= FleaPHP Loaded =======
[2012-05-08 09:46:33] REQUEST_URI: /products/view/cate_id/3634/id/16/lang/zh-cn
[2012-05-08 09:46:34 0.02223800] ======= FleaPHP End (elapsed: 0.068424 seconds) =======

[2012-05-08 09:46:36 0.28794700] ======= FleaPHP Loaded =======
[2012-05-08 09:46:36] REQUEST_URI: /products/view/cate_id/3634/id/16/lang/zh-cn
[2012-05-08 09:46:36 0.34678600] ======= FleaPHP End (elapsed: 0.058839 seconds) =======

[2012-05-08 09:46:39 0.12110900] ======= FleaPHP Loaded =======
[2012-05-08 09:46:39] REQUEST_URI: /products/view/cate_id/3634/id/16/lang/zh-cn
[2012-05-08 09:46:39 0.18777000] ======= FleaPHP End (elapsed: 0.066661 seconds) =======

[2012-05-08 09:47:19 0.63642700] ======= FleaPHP Loaded =======
[2012-05-08 09:47:19] REQUEST_URI: /products/view/cate_id/3634/id/16/lang/zh-cn
[2012-05-08 09:47:19 0.69836100] ======= FleaPHP End (elapsed: 0.061934 seconds) =======

[2012-05-08 09:47:50 0.52319300] ======= FleaPHP Loaded =======
[2012-05-08 09:47:50] REQUEST_URI: /products/view/cate_id/3634/id/16/lang/zh-cn
[2012-05-08 09:47:50 0.58271900] ======= FleaPHP End (elapsed: 0.059526 seconds) =======

[2012-05-08 09:47:59 0.95573400] ======= FleaPHP Loaded =======
[2012-05-08 09:47:59] REQUEST_URI: /products/view/cate_id/3634/id/16/lang/zh-cn
[2012-05-08 09:48:00 0.01323500] ======= FleaPHP End (elapsed: 0.057501 seconds) =======

[2012-05-08 09:48:54 0.56585600] ======= FleaPHP Loaded =======
[2012-05-08 09:48:54] REQUEST_URI: /products/view/cate_id/3634/id/16/lang/zh-cn
[2012-05-08 09:48:54 0.63968400] ======= FleaPHP End (elapsed: 0.073828 seconds) =======

[2012-05-08 09:49:02 0.86133100] ======= FleaPHP Loaded =======
[2012-05-08 09:49:02] REQUEST_URI: /products/view/cate_id/3634/id/16/lang/zh-cn
[2012-05-08 09:49:02 0.93086800] ======= FleaPHP End (elapsed: 0.069537 seconds) =======

[2012-05-08 09:49:58 0.19449700] ======= FleaPHP Loaded =======
[2012-05-08 09:49:58] REQUEST_URI: /products/view/cate_id/3634/id/16/lang/zh-cn
[2012-05-08 09:49:58 0.25605200] ======= FleaPHP End (elapsed: 0.061555 seconds) =======

[2012-05-08 09:50:31 0.06837700] ======= FleaPHP Loaded =======
[2012-05-08 09:50:31] REQUEST_URI: /products/view/cate_id/3634/id/16/lang/zh-cn
[2012-05-08 09:50:31 0.13270800] ======= FleaPHP End (elapsed: 0.064331 seconds) =======

[2012-05-08 09:50:48 0.99140100] ======= FleaPHP Loaded =======
[2012-05-08 09:50:49] REQUEST_URI: /member/addfav/pro_id/16/lang/zh-cn
[2012-05-08 09:50:49 0.02228000] ======= FleaPHP End (elapsed: 0.030879 seconds) =======

[2012-05-08 09:51:17 0.57903600] ======= FleaPHP Loaded =======
[2012-05-08 09:51:17] REQUEST_URI: /products/view/cate_id/3634/id/16/lang/zh-cn
[2012-05-08 09:51:17 0.66605200] ======= FleaPHP End (elapsed: 0.087016 seconds) =======

[2012-05-08 09:51:20 0.61521100] ======= FleaPHP Loaded =======
[2012-05-08 09:51:20] REQUEST_URI: /
[2012-05-08 09:51:20 0.69242300] ======= FleaPHP End (elapsed: 0.077212 seconds) =======

[2012-05-08 09:52:22 0.32574000] ======= FleaPHP Loaded =======
[2012-05-08 09:52:22] REQUEST_URI: /
[2012-05-08 09:52:22 0.37324700] ======= FleaPHP End (elapsed: 0.047507 seconds) =======

[2012-05-08 09:52:23 0.23079100] ======= FleaPHP Loaded =======
[2012-05-08 09:52:23] REQUEST_URI: /
[2012-05-08 09:52:23 0.29173700] ======= FleaPHP End (elapsed: 0.060946 seconds) =======

[2012-05-08 09:54:22 0.44885800] ======= FleaPHP Loaded =======
[2012-05-08 09:54:22] REQUEST_URI: /
[2012-05-08 09:54:22 0.50014800] ======= FleaPHP End (elapsed: 0.051290 seconds) =======

[2012-05-08 09:55:30 0.63351600] ======= FleaPHP Loaded =======
[2012-05-08 09:55:30] REQUEST_URI: /
[2012-05-08 09:55:30 0.67729300] ======= FleaPHP End (elapsed: 0.043777 seconds) =======

[2012-05-08 09:55:35 0.08658100] ======= FleaPHP Loaded =======
[2012-05-08 09:55:35] REQUEST_URI: /
[2012-05-08 09:55:35 0.13961900] ======= FleaPHP End (elapsed: 0.053038 seconds) =======

[2012-05-08 09:55:36 0.86580700] ======= FleaPHP Loaded =======
[2012-05-08 09:55:36] REQUEST_URI: /
[2012-05-08 09:55:36 0.91094200] ======= FleaPHP End (elapsed: 0.045135 seconds) =======

[2012-05-08 09:55:37 0.67040900] ======= FleaPHP Loaded =======
[2012-05-08 09:55:37] REQUEST_URI: /
[2012-05-08 09:55:37 0.73350800] ======= FleaPHP End (elapsed: 0.063099 seconds) =======

[2012-05-08 09:56:25 0.42747500] ======= FleaPHP Loaded =======
[2012-05-08 09:56:25] REQUEST_URI: /
[2012-05-08 09:56:25 0.49376400] ======= FleaPHP End (elapsed: 0.066289 seconds) =======

[2012-05-08 09:57:41 0.25960300] ======= FleaPHP Loaded =======
[2012-05-08 09:57:41] REQUEST_URI: /
[2012-05-08 09:57:41 0.30376200] ======= FleaPHP End (elapsed: 0.044159 seconds) =======

[2012-05-08 09:58:16 0.76311200] ======= FleaPHP Loaded =======
[2012-05-08 09:58:16] REQUEST_URI: /
[2012-05-08 09:58:16 0.81009500] ======= FleaPHP End (elapsed: 0.046983 seconds) =======

[2012-05-08 09:59:07 0.21702000] ======= FleaPHP Loaded =======
[2012-05-08 09:59:07] REQUEST_URI: /
[2012-05-08 09:59:07 0.26517800] ======= FleaPHP End (elapsed: 0.048158 seconds) =======

[2012-05-08 09:59:39 0.55412600] ======= FleaPHP Loaded =======
[2012-05-08 09:59:39] REQUEST_URI: /
[2012-05-08 09:59:39 0.61629500] ======= FleaPHP End (elapsed: 0.062169 seconds) =======

[2012-05-08 10:00:17 0.48794200] ======= FleaPHP Loaded =======
[2012-05-08 10:00:17] REQUEST_URI: /
[2012-05-08 10:00:17 0.53635000] ======= FleaPHP End (elapsed: 0.048408 seconds) =======

[2012-05-08 10:00:40 0.07081000] ======= FleaPHP Loaded =======
[2012-05-08 10:00:40] REQUEST_URI: /
[2012-05-08 10:00:40 0.13527200] ======= FleaPHP End (elapsed: 0.064462 seconds) =======

[2012-05-08 10:00:52 0.90043900] ======= FleaPHP Loaded =======
[2012-05-08 10:00:52] REQUEST_URI: /
[2012-05-08 10:00:52 0.94774700] ======= FleaPHP End (elapsed: 0.047308 seconds) =======

[2012-05-08 10:00:54 0.12009300] ======= FleaPHP Loaded =======
[2012-05-08 10:00:54] REQUEST_URI: /
[2012-05-08 10:00:54 0.18922900] ======= FleaPHP End (elapsed: 0.069136 seconds) =======

[2012-05-08 10:01:56 0.05645800] ======= FleaPHP Loaded =======
[2012-05-08 10:01:56] REQUEST_URI: /
[2012-05-08 10:01:56 0.10971200] ======= FleaPHP End (elapsed: 0.053254 seconds) =======

[2012-05-08 10:02:10 0.45728700] ======= FleaPHP Loaded =======
[2012-05-08 10:02:10] REQUEST_URI: /
[2012-05-08 10:02:10 0.50448000] ======= FleaPHP End (elapsed: 0.047193 seconds) =======

[2012-05-08 10:02:17 0.58469300] ======= FleaPHP Loaded =======
[2012-05-08 10:02:17] REQUEST_URI: /
[2012-05-08 10:02:17 0.74143400] ======= FleaPHP End (elapsed: 0.156741 seconds) =======

[2012-05-08 10:02:30 0.88838200] ======= FleaPHP Loaded =======
[2012-05-08 10:02:30] REQUEST_URI: /
[2012-05-08 10:02:30 0.93003700] ======= FleaPHP End (elapsed: 0.041655 seconds) =======

[2012-05-08 10:02:36 0.52309700] ======= FleaPHP Loaded =======
[2012-05-08 10:02:36] REQUEST_URI: /
[2012-05-08 10:02:36 0.57004400] ======= FleaPHP End (elapsed: 0.046947 seconds) =======

[2012-05-08 10:04:38 0.97114600] ======= FleaPHP Loaded =======
[2012-05-08 10:04:38] REQUEST_URI: /
[2012-05-08 10:04:39 0.02930200] ======= FleaPHP End (elapsed: 0.058156 seconds) =======

[2012-05-08 10:04:52 0.13881800] ======= FleaPHP Loaded =======
[2012-05-08 10:04:52] REQUEST_URI: /products/index/cate_id/3634
[2012-05-08 10:04:52 0.20043700] ======= FleaPHP End (elapsed: 0.061619 seconds) =======

[2012-05-08 10:04:53 0.79052900] ======= FleaPHP Loaded =======
[2012-05-08 10:04:53] REQUEST_URI: /products/view/cate_id/3634/id/16/lang/zh-cn
[2012-05-08 10:04:53 0.86061100] ======= FleaPHP End (elapsed: 0.070082 seconds) =======

[2012-05-08 10:05:30 0.78422600] ======= FleaPHP Loaded =======
[2012-05-08 10:05:30] REQUEST_URI: /
[2012-05-08 10:05:30 0.83818700] ======= FleaPHP End (elapsed: 0.053961 seconds) =======

[2012-05-08 10:05:31 0.37980100] ======= FleaPHP Loaded =======
[2012-05-08 10:05:31] REQUEST_URI: /favicon.ico
[2012-05-08 10:05:31 0.46027000] ======= FleaPHP End (elapsed: 0.080469 seconds) =======

[2012-05-08 10:05:39 0.47883000] ======= FleaPHP Loaded =======
[2012-05-08 10:05:39] REQUEST_URI: /products/view/cate_id/3634/id/16/lang/zh-cn
[2012-05-08 10:05:39 0.54227800] ======= FleaPHP End (elapsed: 0.063448 seconds) =======

[2012-05-08 10:05:39 0.98039400] ======= FleaPHP Loaded =======
[2012-05-08 10:05:40] REQUEST_URI: /favicon.ico
[2012-05-08 10:05:40 0.03378300] ======= FleaPHP End (elapsed: 0.053389 seconds) =======

[2012-05-08 10:05:58 0.58975600] ======= FleaPHP Loaded =======
[2012-05-08 10:05:58] REQUEST_URI: /
[2012-05-08 10:05:58 0.63605300] ======= FleaPHP End (elapsed: 0.046297 seconds) =======

[2012-05-08 10:08:08 0.92580700] ======= FleaPHP Loaded =======
[2012-05-08 10:08:08] REQUEST_URI: /products/view/cate_id/3634/id/16/lang/zh-cn
[2012-05-08 10:08:09 0.01563200] ======= FleaPHP End (elapsed: 0.089825 seconds) =======

[2012-05-08 10:08:09 0.77391400] ======= FleaPHP Loaded =======
[2012-05-08 10:08:09] REQUEST_URI: /favicon.ico
[2012-05-08 10:08:09 0.85558100] ======= FleaPHP End (elapsed: 0.081667 seconds) =======

[2012-05-08 10:08:14 0.71654200] ======= FleaPHP Loaded =======
[2012-05-08 10:08:14] REQUEST_URI: /products/index/cate_id/9
[2012-05-08 10:08:14 0.77322100] ======= FleaPHP End (elapsed: 0.056679 seconds) =======

[2012-05-08 10:08:15 0.06608800] ======= FleaPHP Loaded =======
[2012-05-08 10:08:15] REQUEST_URI: /favicon.ico
[2012-05-08 10:08:15 0.10922300] ======= FleaPHP End (elapsed: 0.043135 seconds) =======

[2012-05-08 10:08:25 0.80845100] ======= FleaPHP Loaded =======
[2012-05-08 10:08:25] REQUEST_URI: /products/index/cate_id/3673
[2012-05-08 10:08:25 0.91172600] ======= FleaPHP End (elapsed: 0.103275 seconds) =======

[2012-05-08 10:08:26 0.34701900] ======= FleaPHP Loaded =======
[2012-05-08 10:08:26] REQUEST_URI: /favicon.ico
[2012-05-08 10:08:26 0.39256900] ======= FleaPHP End (elapsed: 0.045550 seconds) =======

[2012-05-08 10:08:39 0.58120000] ======= FleaPHP Loaded =======
[2012-05-08 10:08:39] REQUEST_URI: /products/view/cate_id/3677/id/57/lang/zh-cn
[2012-05-08 10:08:39 0.65247700] ======= FleaPHP End (elapsed: 0.071277 seconds) =======

[2012-05-08 10:08:40 0.23978300] ======= FleaPHP Loaded =======
[2012-05-08 10:08:40] REQUEST_URI: /favicon.ico
[2012-05-08 10:08:40 0.29509200] ======= FleaPHP End (elapsed: 0.055309 seconds) =======

[2012-05-08 10:08:42 0.09901900] ======= FleaPHP Loaded =======
[2012-05-08 10:08:42] REQUEST_URI: /member/addfav/pro_id/57/lang/zh-cn
[2012-05-08 10:08:42 0.12900600] ======= FleaPHP End (elapsed: 0.029987 seconds) =======

[2012-05-08 10:11:23 0.69754000] ======= FleaPHP Loaded =======
[2012-05-08 10:11:23] REQUEST_URI: /
[2012-05-08 10:11:23 0.75443000] ======= FleaPHP End (elapsed: 0.056890 seconds) =======

[2012-05-08 10:11:44 0.51118300] ======= FleaPHP Loaded =======
[2012-05-08 10:11:44] REQUEST_URI: /
[2012-05-08 10:11:44 0.57463900] ======= FleaPHP End (elapsed: 0.063456 seconds) =======

[2012-05-08 10:11:55 0.66659900] ======= FleaPHP Loaded =======
[2012-05-08 10:11:55] REQUEST_URI: /
[2012-05-08 10:11:55 0.71513400] ======= FleaPHP End (elapsed: 0.048535 seconds) =======

[2012-05-08 10:12:04 0.44671400] ======= FleaPHP Loaded =======
[2012-05-08 10:12:04] REQUEST_URI: /products/view/cate_id/3634/id/16/lang/zh-cn
[2012-05-08 10:12:04 0.50418900] ======= FleaPHP End (elapsed: 0.057475 seconds) =======

[2012-05-08 10:12:20 0.12720500] ======= FleaPHP Loaded =======
[2012-05-08 10:12:20] REQUEST_URI: /member/addfav/pro_id/16/lang/zh-cn
[2012-05-08 10:12:20 0.15559600] ======= FleaPHP End (elapsed: 0.028391 seconds) =======

[2012-05-08 10:13:32 0.40438300] ======= FleaPHP Loaded =======
[2012-05-08 10:13:32] REQUEST_URI: /products/view/cate_id/3634/id/16/lang/zh-cn
[2012-05-08 10:13:32 0.46454400] ======= FleaPHP End (elapsed: 0.060161 seconds) =======

[2012-05-08 10:13:48 0.52693200] ======= FleaPHP Loaded =======
[2012-05-08 10:13:48] REQUEST_URI: /
[2012-05-08 10:13:48 0.57324700] ======= FleaPHP End (elapsed: 0.046315 seconds) =======

[2012-05-08 10:13:56 0.19840500] ======= FleaPHP Loaded =======
[2012-05-08 10:13:56] REQUEST_URI: /
[2012-05-08 10:13:56 0.24918200] ======= FleaPHP End (elapsed: 0.050777 seconds) =======

[2012-05-08 10:14:02 0.51670900] ======= FleaPHP Loaded =======
[2012-05-08 10:14:02] REQUEST_URI: /
[2012-05-08 10:14:02 0.57691400] ======= FleaPHP End (elapsed: 0.060205 seconds) =======

[2012-05-08 10:14:03 0.27830500] ======= FleaPHP Loaded =======
[2012-05-08 10:14:03] REQUEST_URI: /
[2012-05-08 10:14:03 0.32633900] ======= FleaPHP End (elapsed: 0.048034 seconds) =======

[2012-05-08 10:14:41 0.61567200] ======= FleaPHP Loaded =======
[2012-05-08 10:14:41] REQUEST_URI: /
[2012-05-08 10:14:41 0.69118900] ======= FleaPHP End (elapsed: 0.075517 seconds) =======

[2012-05-08 10:15:02 0.12777700] ======= FleaPHP Loaded =======
[2012-05-08 10:15:02] REQUEST_URI: /
[2012-05-08 10:15:02 0.19270500] ======= FleaPHP End (elapsed: 0.064928 seconds) =======

[2012-05-08 10:15:07 0.73399000] ======= FleaPHP Loaded =======
[2012-05-08 10:15:07] REQUEST_URI: /products/view/cate_id/3634/id/16/lang/zh-cn
[2012-05-08 10:15:07 0.81216200] ======= FleaPHP End (elapsed: 0.078172 seconds) =======

[2012-05-08 10:16:08 0.79524200] ======= FleaPHP Loaded =======
[2012-05-08 10:16:08] REQUEST_URI: /products/view/cate_id/3634/id/16/lang/zh-cn
[2012-05-08 10:16:08 0.88913600] ======= FleaPHP End (elapsed: 0.093894 seconds) =======

[2012-05-08 10:16:46 0.18049000] ======= FleaPHP Loaded =======
[2012-05-08 10:16:46] REQUEST_URI: /products/view/cate_id/3634/id/16/lang/zh-cn
[2012-05-08 10:16:46 0.25621600] ======= FleaPHP End (elapsed: 0.075726 seconds) =======

[2012-05-08 10:18:38 0.22721800] ======= FleaPHP Loaded =======
[2012-05-08 10:18:38] REQUEST_URI: /products/view/cate_id/3634/id/16/lang/zh-cn
[2012-05-08 10:18:38 0.35655400] ======= FleaPHP End (elapsed: 0.129336 seconds) =======

[2012-05-08 10:18:47 0.40188400] ======= FleaPHP Loaded =======
[2012-05-08 10:18:47] REQUEST_URI: /products/view/cate_id/3634/id/16/lang/zh-cn
[2012-05-08 10:18:47 0.50463000] ======= FleaPHP End (elapsed: 0.102746 seconds) =======

[2012-05-08 10:20:54 0.95008100] ======= FleaPHP Loaded =======
[2012-05-08 10:20:54] REQUEST_URI: /products/view/cate_id/3634/id/16/lang/zh-cn
[2012-05-08 10:20:55 0.00870100] ======= FleaPHP End (elapsed: 0.058620 seconds) =======

[2012-05-08 10:21:01 0.36589400] ======= FleaPHP Loaded =======
[2012-05-08 10:21:01] REQUEST_URI: /products/view/cate_id/3634/id/16/lang/zh-cn
[2012-05-08 10:21:01 0.45853800] ======= FleaPHP End (elapsed: 0.092644 seconds) =======

[2012-05-08 10:21:26 0.70311300] ======= FleaPHP Loaded =======
[2012-05-08 10:21:26] REQUEST_URI: /
[2012-05-08 10:21:26 0.76345300] ======= FleaPHP End (elapsed: 0.060340 seconds) =======

[2012-05-08 10:21:27 0.32069000] ======= FleaPHP Loaded =======
[2012-05-08 10:21:27] REQUEST_URI: /favicon.ico
[2012-05-08 10:21:27 0.36547600] ======= FleaPHP End (elapsed: 0.044786 seconds) =======

[2012-05-08 10:21:35 0.33320900] ======= FleaPHP Loaded =======
[2012-05-08 10:21:35] REQUEST_URI: /products/view/cate_id/3630/id/45/lang/zh-cn
[2012-05-08 10:21:35 0.41619500] ======= FleaPHP End (elapsed: 0.082986 seconds) =======

[2012-05-08 10:21:35 0.94978700] ======= FleaPHP Loaded =======
[2012-05-08 10:21:35] REQUEST_URI: /favicon.ico
[2012-05-08 10:21:35 0.99045600] ======= FleaPHP End (elapsed: 0.040669 seconds) =======

[2012-05-08 10:21:52 0.22785300] ======= FleaPHP Loaded =======
[2012-05-08 10:21:52] REQUEST_URI: /products/view/cate_id/3630/id/45/lang/zh-cn
[2012-05-08 10:21:52 0.29405700] ======= FleaPHP End (elapsed: 0.066204 seconds) =======

[2012-05-08 10:21:53 0.01745400] ======= FleaPHP Loaded =======
[2012-05-08 10:21:53] REQUEST_URI: /favicon.ico
[2012-05-08 10:21:53 0.06090100] ======= FleaPHP End (elapsed: 0.043447 seconds) =======

[2012-05-08 10:21:55 0.24673700] ======= FleaPHP Loaded =======
[2012-05-08 10:21:55] REQUEST_URI: /member/addfav/pro_id/45/lang/zh-cn
[2012-05-08 10:21:55 0.27115200] ======= FleaPHP End (elapsed: 0.024415 seconds) =======

[2012-05-08 10:22:06 0.63768400] ======= FleaPHP Loaded =======
[2012-05-08 10:22:06] REQUEST_URI: /products/view/cate_id/3630/id/45/lang/zh-cn
[2012-05-08 10:22:06 0.70503000] ======= FleaPHP End (elapsed: 0.067346 seconds) =======

[2012-05-08 10:22:07 0.49729200] ======= FleaPHP Loaded =======
[2012-05-08 10:22:07] REQUEST_URI: /favicon.ico
[2012-05-08 10:22:07 0.53355100] ======= FleaPHP End (elapsed: 0.036259 seconds) =======

[2012-05-08 10:22:12 0.77746300] ======= FleaPHP Loaded =======
[2012-05-08 10:22:12] REQUEST_URI: /products/view/cate_id/3634/id/16/lang/zh-cn
[2012-05-08 10:22:12 0.83670200] ======= FleaPHP End (elapsed: 0.059239 seconds) =======

[2012-05-08 10:22:57 0.86718800] ======= FleaPHP Loaded =======
[2012-05-08 10:22:57] REQUEST_URI: /products/view/cate_id/3630/id/45/lang/zh-cn
[2012-05-08 10:22:57 0.93817900] ======= FleaPHP End (elapsed: 0.070991 seconds) =======

[2012-05-08 10:22:58 0.74980100] ======= FleaPHP Loaded =======
[2012-05-08 10:22:58] REQUEST_URI: /favicon.ico
[2012-05-08 10:22:58 0.78931400] ======= FleaPHP End (elapsed: 0.039513 seconds) =======

[2012-05-08 10:23:08 0.69856300] ======= FleaPHP Loaded =======
[2012-05-08 10:23:08] REQUEST_URI: /products/view/cate_id/3630/id/45/lang/zh-cn
[2012-05-08 10:23:08 0.78603500] ======= FleaPHP End (elapsed: 0.087472 seconds) =======

[2012-05-08 10:23:12 0.45054000] ======= FleaPHP Loaded =======
[2012-05-08 10:23:12] REQUEST_URI: /favicon.ico
[2012-05-08 10:23:12 0.49137400] ======= FleaPHP End (elapsed: 0.040834 seconds) =======

[2012-05-08 10:23:35 0.12441900] ======= FleaPHP Loaded =======
[2012-05-08 10:23:35] REQUEST_URI: /products/view/cate_id/3634/id/16/lang/zh-cn
[2012-05-08 10:23:35 0.18189600] ======= FleaPHP End (elapsed: 0.057477 seconds) =======

[2012-05-08 10:23:56 0.49913300] ======= FleaPHP Loaded =======
[2012-05-08 10:23:56] REQUEST_URI: /products/view/cate_id/3634/id/16/lang/zh-cn
[2012-05-08 10:23:56 0.55606600] ======= FleaPHP End (elapsed: 0.056933 seconds) =======

[2012-05-08 10:24:06 0.36488600] ======= FleaPHP Loaded =======
[2012-05-08 10:24:06] REQUEST_URI: /products/view/cate_id/3634/id/16/lang/zh-cn
[2012-05-08 10:24:06 0.42453600] ======= FleaPHP End (elapsed: 0.059650 seconds) =======

[2012-05-08 10:24:07 0.23149600] ======= FleaPHP Loaded =======
[2012-05-08 10:24:07] REQUEST_URI: /products/view/cate_id/3634/id/16/lang/zh-cn
[2012-05-08 10:24:07 0.29394200] ======= FleaPHP End (elapsed: 0.062446 seconds) =======

[2012-05-08 10:24:51 0.04856000] ======= FleaPHP Loaded =======
[2012-05-08 10:24:51] REQUEST_URI: /products/view/cate_id/3634/id/16/lang/zh-cn
[2012-05-08 10:24:51 0.11137500] ======= FleaPHP End (elapsed: 0.062815 seconds) =======

[2012-05-08 10:25:26 0.86861000] ======= FleaPHP Loaded =======
[2012-05-08 10:25:26] REQUEST_URI: /products/view/cate_id/3634/id/16/lang/zh-cn
[2012-05-08 10:25:26 0.92756800] ======= FleaPHP End (elapsed: 0.058958 seconds) =======

[2012-05-08 10:25:38 0.17754600] ======= FleaPHP Loaded =======
[2012-05-08 10:25:38] REQUEST_URI: /products/view/cate_id/3634/id/16/lang/zh-cn
[2012-05-08 10:25:38 0.24066600] ======= FleaPHP End (elapsed: 0.063120 seconds) =======

[2012-05-08 10:26:11 0.83631900] ======= FleaPHP Loaded =======
[2012-05-08 10:26:11] REQUEST_URI: /products/view/cate_id/3634/id/16/lang/zh-cn
[2012-05-08 10:26:11 0.91497400] ======= FleaPHP End (elapsed: 0.078655 seconds) =======

[2012-05-08 10:26:13 0.16748800] ======= FleaPHP Loaded =======
[2012-05-08 10:26:13] REQUEST_URI: /products/view/cate_id/3634/id/16/lang/zh-cn
[2012-05-08 10:26:13 0.25356300] ======= FleaPHP End (elapsed: 0.086075 seconds) =======

[2012-05-08 10:26:27 0.89385900] ======= FleaPHP Loaded =======
[2012-05-08 10:26:27] REQUEST_URI: /products/view/cate_id/3634/id/16/lang/zh-cn
[2012-05-08 10:26:27 0.95585800] ======= FleaPHP End (elapsed: 0.061999 seconds) =======

[2012-05-08 10:26:28 0.80347400] ======= FleaPHP Loaded =======
[2012-05-08 10:26:28] REQUEST_URI: /products/view/cate_id/3634/id/16/lang/zh-cn
[2012-05-08 10:26:28 0.87333800] ======= FleaPHP End (elapsed: 0.069864 seconds) =======

[2012-05-08 10:26:56 0.99005300] ======= FleaPHP Loaded =======
[2012-05-08 10:26:57] REQUEST_URI: /products/view/cate_id/3634/id/16/lang/zh-cn
[2012-05-08 10:26:57 0.05846500] ======= FleaPHP End (elapsed: 0.068412 seconds) =======

[2012-05-08 10:27:03 0.39536600] ======= FleaPHP Loaded =======
[2012-05-08 10:27:03] REQUEST_URI: /products/view/cate_id/3634/id/16/lang/zh-cn
[2012-05-08 10:27:03 0.45311600] ======= FleaPHP End (elapsed: 0.057750 seconds) =======

[2012-05-08 10:27:03 0.93643600] ======= FleaPHP Loaded =======
[2012-05-08 10:27:03] REQUEST_URI: /products/view/cate_id/3634/id/16/lang/zh-cn
[2012-05-08 10:27:03 0.99528100] ======= FleaPHP End (elapsed: 0.058845 seconds) =======

[2012-05-08 10:27:04 0.38049100] ======= FleaPHP Loaded =======
[2012-05-08 10:27:04] REQUEST_URI: /products/view/cate_id/3634/id/16/lang/zh-cn
[2012-05-08 10:27:04 0.44922700] ======= FleaPHP End (elapsed: 0.068736 seconds) =======

[2012-05-08 10:27:04 0.82804800] ======= FleaPHP Loaded =======
[2012-05-08 10:27:04] REQUEST_URI: /products/view/cate_id/3634/id/16/lang/zh-cn
[2012-05-08 10:27:04 0.90327800] ======= FleaPHP End (elapsed: 0.075230 seconds) =======

[2012-05-08 10:27:14 0.54778300] ======= FleaPHP Loaded =======
[2012-05-08 10:27:14] REQUEST_URI: /products/view/cate_id/3634/id/16/lang/zh-cn
[2012-05-08 10:27:14 0.62038600] ======= FleaPHP End (elapsed: 0.072603 seconds) =======

[2012-05-08 10:27:15 0.69442800] ======= FleaPHP Loaded =======
[2012-05-08 10:27:15] REQUEST_URI: /products/view/cate_id/3634/id/16/lang/zh-cn
[2012-05-08 10:27:15 0.76255200] ======= FleaPHP End (elapsed: 0.068124 seconds) =======

[2012-05-08 10:27:27 0.59593900] ======= FleaPHP Loaded =======
[2012-05-08 10:27:27] REQUEST_URI: /products/view/cate_id/3634/id/16/lang/zh-cn
[2012-05-08 10:27:27 0.65211400] ======= FleaPHP End (elapsed: 0.056175 seconds) =======

[2012-05-08 10:28:43 0.72938400] ======= FleaPHP Loaded =======
[2012-05-08 10:28:43] REQUEST_URI: /products/view/cate_id/3630/id/45/lang/zh-cn
[2012-05-08 10:28:43 0.80614600] ======= FleaPHP End (elapsed: 0.076762 seconds) =======

[2012-05-08 10:28:45 0.86005800] ======= FleaPHP Loaded =======
[2012-05-08 10:28:45] REQUEST_URI: /favicon.ico
[2012-05-08 10:28:45 0.92608300] ======= FleaPHP End (elapsed: 0.066025 seconds) =======

[2012-05-09 06:07:25 0.35478400] ======= FleaPHP Loaded =======
[2012-05-09 06:07:25] REQUEST_URI: /favicon.ico
[2012-05-09 06:07:25 0.52888400] ======= FleaPHP End (elapsed: 0.174100 seconds) =======

[2012-05-09 06:14:50 0.92827000] ======= FleaPHP Loaded =======
[2012-05-09 06:14:51] REQUEST_URI: /favicon.ico
[2012-05-09 06:14:51 0.08347200] ======= FleaPHP End (elapsed: 0.155202 seconds) =======

[2012-05-09 06:14:54 0.49047400] ======= FleaPHP Loaded =======
[2012-05-09 06:14:54] REQUEST_URI: /favicon.ico
[2012-05-09 06:14:54 0.59953500] ======= FleaPHP End (elapsed: 0.109061 seconds) =======

[2012-05-09 06:15:00 0.14879800] ======= FleaPHP Loaded =======
[2012-05-09 06:15:00] REQUEST_URI: /favicon.ico
[2012-05-09 06:15:00 0.19307700] ======= FleaPHP End (elapsed: 0.044279 seconds) =======

[2012-05-09 06:38:00 0.88177100] ======= FleaPHP Loaded =======
[2012-05-09 06:38:00] REQUEST_URI: /favicon.ico
[2012-05-09 06:38:00 0.93258800] ======= FleaPHP End (elapsed: 0.050817 seconds) =======

[2012-05-09 07:20:56 0.68809800] ======= FleaPHP Loaded =======
[2012-05-09 07:20:56] REQUEST_URI: /favicon.ico
[2012-05-09 07:20:56 0.74868700] ======= FleaPHP End (elapsed: 0.060589 seconds) =======

[2012-05-09 07:23:26 0.53566900] ======= FleaPHP Loaded =======
[2012-05-09 07:23:26] REQUEST_URI: /favicon.ico
[2012-05-09 07:23:26 0.62752800] ======= FleaPHP End (elapsed: 0.091859 seconds) =======

[2012-05-09 07:23:39 0.43240700] ======= FleaPHP Loaded =======
[2012-05-09 07:23:39] REQUEST_URI: /favicon.ico
[2012-05-09 07:23:39 0.50870300] ======= FleaPHP End (elapsed: 0.076296 seconds) =======

[2012-05-09 07:31:42 0.07201200] ======= FleaPHP Loaded =======
[2012-05-09 07:31:42] REQUEST_URI: /favicon.ico
[2012-05-09 07:31:42 0.21295400] ======= FleaPHP End (elapsed: 0.140942 seconds) =======

[2012-05-09 07:31:55 0.01375300] ======= FleaPHP Loaded =======
[2012-05-09 07:31:55] REQUEST_URI: /favicon.ico
[2012-05-09 07:31:55 0.05732600] ======= FleaPHP End (elapsed: 0.043573 seconds) =======

[2012-05-09 07:32:04 0.62330400] ======= FleaPHP Loaded =======
[2012-05-09 07:32:04] REQUEST_URI: /favicon.ico
[2012-05-09 07:32:04 0.69368200] ======= FleaPHP End (elapsed: 0.070378 seconds) =======

[2012-05-09 07:32:16 0.64699000] ======= FleaPHP Loaded =======
[2012-05-09 07:32:16] REQUEST_URI: /favicon.ico
[2012-05-09 07:32:16 0.69021000] ======= FleaPHP End (elapsed: 0.043220 seconds) =======

[2012-05-09 07:32:38 0.55424300] ======= FleaPHP Loaded =======
[2012-05-09 07:32:38] REQUEST_URI: /favicon.ico
[2012-05-09 07:32:38 0.66613900] ======= FleaPHP End (elapsed: 0.111896 seconds) =======

[2012-05-09 07:38:45 0.20421500] ======= FleaPHP Loaded =======
[2012-05-09 07:38:45] REQUEST_URI: /favicon.ico
[2012-05-09 07:38:45 0.25653800] ======= FleaPHP End (elapsed: 0.052323 seconds) =======

[2012-05-09 07:39:07 0.70350000] ======= FleaPHP Loaded =======
[2012-05-09 07:39:07] REQUEST_URI: /favicon.ico
[2012-05-09 07:39:07 0.76637000] ======= FleaPHP End (elapsed: 0.062870 seconds) =======

[2012-05-09 07:40:31 0.75030900] ======= FleaPHP Loaded =======
[2012-05-09 07:40:31] REQUEST_URI: /favicon.ico
[2012-05-09 07:40:31 0.85704500] ======= FleaPHP End (elapsed: 0.106736 seconds) =======

[2012-05-09 07:40:49 0.44532000] ======= FleaPHP Loaded =======
[2012-05-09 07:40:49] REQUEST_URI: /favicon.ico
[2012-05-09 07:40:49 0.55936400] ======= FleaPHP End (elapsed: 0.114044 seconds) =======

