[2012-05-04 11:40:29 0.29875000] ======= FleaPHP Loaded =======
[2012-05-04 11:40:29] REQUEST_URI: /sysadm/
[2012-05-04 11:40:29 0.51522600] ======= FleaPHP End (elapsed: 0.216476 seconds) =======

[2012-05-04 11:40:29 0.62607500] ======= FleaPHP Loaded =======
[2012-05-04 11:40:29] REQUEST_URI: /sysadm/index.php/admin/imgcode/t/1336102829/lang/zh-cn
[2012-05-04 11:40:29 0.72702100] ======= FleaPHP End (elapsed: 0.100946 seconds) =======

[2012-05-04 11:40:54 0.54969200] ======= FleaPHP Loaded =======
[2012-05-04 11:40:54] REQUEST_URI: /sysadm/index.php/admin/login/lang/zh-cn
[2012-05-04 11:40:54 0.58753900] ======= FleaPHP End (elapsed: 0.037847 seconds) =======

[2012-05-04 11:40:55 0.76906100] ======= FleaPHP Loaded =======
[2012-05-04 11:40:55] REQUEST_URI: /sysadm/
[2012-05-04 11:40:55 0.81517300] ======= FleaPHP End (elapsed: 0.046112 seconds) =======

[2012-05-04 11:40:55 0.84992000] ======= FleaPHP Loaded =======
[2012-05-04 11:40:55] REQUEST_URI: /sysadm/index.php/admin/imgcode/t/1336102855/lang/zh-cn
[2012-05-04 11:40:55 0.89619300] ======= FleaPHP End (elapsed: 0.046273 seconds) =======

[2012-05-04 11:41:01 0.15158500] ======= FleaPHP Loaded =======
[2012-05-04 11:41:01] REQUEST_URI: /sysadm/index.php/admin/login/lang/zh-cn
[2012-05-04 11:41:01 0.22245600] ======= FleaPHP End (elapsed: 0.070871 seconds) =======

[2012-05-04 11:41:02 0.17687400] ======= FleaPHP Loaded =======
[2012-05-04 11:41:02] REQUEST_URI: /sysadm/index.php/dashboard
[2012-05-04 11:41:02 0.35832200] ======= FleaPHP End (elapsed: 0.181448 seconds) =======

[2012-05-04 11:41:02 0.70598800] ======= FleaPHP Loaded =======
[2012-05-04 11:41:02] REQUEST_URI: /sysadm/index.php/dashboard/welcome/lang/zh-cn
[2012-05-04 11:41:02 0.87790600] ======= FleaPHP End (elapsed: 0.171918 seconds) =======

[2012-05-04 11:41:09 0.51633700] ======= FleaPHP Loaded =======
[2012-05-04 11:41:09] REQUEST_URI: /sysadm/index.php/settings/index/lang/zh-cn
[2012-05-04 11:41:09 0.66810200] ======= FleaPHP End (elapsed: 0.151765 seconds) =======

[2012-05-04 11:43:47 0.92890500] ======= FleaPHP Loaded =======
[2012-05-04 11:43:47] REQUEST_URI: /sysadm/index.php/settings/index/lang/zh-cn
[2012-05-04 11:43:48 0.04705900] ======= FleaPHP End (elapsed: 0.118154 seconds) =======

[2012-05-04 11:44:00 0.15386900] ======= FleaPHP Loaded =======
[2012-05-04 11:44:00] REQUEST_URI: /sysadm/index.php/settings/save/lang/zh-cn
[2012-05-04 11:44:00 0.20011300] ======= FleaPHP End (elapsed: 0.046244 seconds) =======

[2012-05-04 11:44:00 0.21209900] ======= FleaPHP Loaded =======
[2012-05-04 11:44:00] REQUEST_URI: /sysadm/index.php/settings/index/lang/zh-cn
[2012-05-04 11:44:00 0.28135200] ======= FleaPHP End (elapsed: 0.069253 seconds) =======

[2012-05-04 11:47:00 0.92362600] ======= FleaPHP Loaded =======
[2012-05-04 11:47:00] REQUEST_URI: /sysadm/index.php/settings/index/lang/zh-cn
[2012-05-04 11:47:00 0.98149800] ======= FleaPHP End (elapsed: 0.057872 seconds) =======

[2012-05-04 11:49:26 0.90669600] ======= FleaPHP Loaded =======
[2012-05-04 11:49:26] REQUEST_URI: /sysadm/index.php/settings/index/lang/zh-cn
[2012-05-04 11:49:26 0.96551000] ======= FleaPHP End (elapsed: 0.058814 seconds) =======

[2012-05-04 11:49:31 0.53038700] ======= FleaPHP Loaded =======
[2012-05-04 11:49:31] REQUEST_URI: /sysadm/index.php/settings/save/lang/zh-cn
[2012-05-04 11:49:31 0.58360600] ======= FleaPHP End (elapsed: 0.053219 seconds) =======

[2012-05-04 11:49:31 0.59756800] ======= FleaPHP Loaded =======
[2012-05-04 11:49:31] REQUEST_URI: /sysadm/index.php/settings/index/lang/zh-cn
[2012-05-04 11:49:31 0.66595700] ======= FleaPHP End (elapsed: 0.068389 seconds) =======

[2012-05-04 12:02:13 0.26891800] ======= FleaPHP Loaded =======
[2012-05-04 12:02:13] REQUEST_URI: /sysadm/index.php/dashboard/backrun/job/text
[2012-05-04 12:02:13 0.31580700] ======= FleaPHP End (elapsed: 0.046889 seconds) =======

[2012-05-05 10:21:53 0.98166200] ======= FleaPHP Loaded =======
[2012-05-05 10:21:54] REQUEST_URI: /sysadm/
[2012-05-05 10:21:54 0.17823500] ======= FleaPHP End (elapsed: 0.196573 seconds) =======

[2012-05-05 10:29:21 0.09053800] ======= FleaPHP Loaded =======
[2012-05-05 10:29:21] REQUEST_URI: /sysadm/
[2012-05-05 10:29:21 0.16523200] ======= FleaPHP End (elapsed: 0.074694 seconds) =======

[2012-05-05 10:50:30 0.74270000] ======= FleaPHP Loaded =======
[2012-05-05 10:50:30] REQUEST_URI: /sysadm/dashboard
[2012-05-05 10:50:30 0.79449400] ======= FleaPHP End (elapsed: 0.051794 seconds) =======

[2012-05-05 10:50:33 0.22930000] ======= FleaPHP Loaded =======
[2012-05-05 10:50:33] REQUEST_URI: /sysadm/admin
[2012-05-05 10:50:33 0.29423300] ======= FleaPHP End (elapsed: 0.064933 seconds) =======

[2012-05-05 10:50:33 0.32233400] ======= FleaPHP Loaded =======
[2012-05-05 10:50:33] REQUEST_URI: /sysadm/admin/imgcode/t/1336186233/lang/zh-cn
[2012-05-05 10:50:33 0.39021700] ======= FleaPHP End (elapsed: 0.067883 seconds) =======

[2012-05-05 10:57:56 0.50205000] ======= FleaPHP Loaded =======
[2012-05-05 10:57:56] REQUEST_URI: /sysadm/admin/login/lang/zh-cn
[2012-05-05 10:57:56 0.61585200] ======= FleaPHP End (elapsed: 0.113802 seconds) =======

[2012-05-05 10:57:58 0.73343000] ======= FleaPHP Loaded =======
[2012-05-05 10:57:58] REQUEST_URI: /sysadm/dashboard
[2012-05-05 10:57:58 0.88452400] ======= FleaPHP End (elapsed: 0.151094 seconds) =======

[2012-05-05 10:57:59 0.12108400] ======= FleaPHP Loaded =======
[2012-05-05 10:57:59] REQUEST_URI: /sysadm/dashboard/welcome/lang/zh-cn
[2012-05-05 10:57:59 0.21195500] ======= FleaPHP End (elapsed: 0.090871 seconds) =======

[2012-05-05 10:58:00 0.55417000] ======= FleaPHP Loaded =======
[2012-05-05 10:58:00] REQUEST_URI: /sysadm/products/addnew/colkey/products/lang/zh-cn
[2012-05-05 10:58:00 0.88979800] ======= FleaPHP End (elapsed: 0.335628 seconds) =======

[2012-05-05 10:58:01 0.24684600] ======= FleaPHP Loaded =======
[2012-05-05 10:58:01] REQUEST_URI: /sysadm/products/getbrandintro/colkey/products/lang/zh-cn/id/13?tid=1336186681236
[2012-05-05 10:58:01 0.34896900] ======= FleaPHP End (elapsed: 0.102123 seconds) =======

[2012-05-05 10:58:01 0.44468500] ======= FleaPHP Loaded =======
[2012-05-05 10:58:01] REQUEST_URI: /sysadm/products/index/colkey/products/lang/zh-cn
[2012-05-05 10:58:01 0.63241500] ======= FleaPHP End (elapsed: 0.187730 seconds) =======

[2012-05-05 13:31:21 0.90012200] ======= FleaPHP Loaded =======
[2012-05-05 13:31:21] REQUEST_URI: /sysadm/
[2012-05-05 13:31:21 0.98495900] ======= FleaPHP End (elapsed: 0.084837 seconds) =======

[2012-05-05 13:31:29 0.36295400] ======= FleaPHP Loaded =======
[2012-05-05 13:31:29] REQUEST_URI: /sysadm/admin
[2012-05-05 13:31:29 0.44654900] ======= FleaPHP End (elapsed: 0.083595 seconds) =======

[2012-05-05 13:31:31 0.62202300] ======= FleaPHP Loaded =======
[2012-05-05 13:31:31] REQUEST_URI: /sysadm/admin
[2012-05-05 13:31:31 0.66075600] ======= FleaPHP End (elapsed: 0.038733 seconds) =======

[2012-05-05 13:31:33 0.60501100] ======= FleaPHP Loaded =======
[2012-05-05 13:31:33] REQUEST_URI: /sysadm/admin
[2012-05-05 13:31:33 0.64150200] ======= FleaPHP End (elapsed: 0.036491 seconds) =======

[2012-05-05 13:31:34 0.97890300] ======= FleaPHP Loaded =======
[2012-05-05 13:31:35] REQUEST_URI: /sysadm/admin
[2012-05-05 13:31:35 0.02194400] ======= FleaPHP End (elapsed: 0.043041 seconds) =======

[2012-05-05 13:32:04 0.62094300] ======= FleaPHP Loaded =======
[2012-05-05 13:32:04] REQUEST_URI: /sysadm/admin
[2012-05-05 13:32:04 0.68561000] ======= FleaPHP End (elapsed: 0.064667 seconds) =======

[2012-05-05 13:32:04 0.71471100] ======= FleaPHP Loaded =======
[2012-05-05 13:32:04] REQUEST_URI: /sysadm/admin/imgcode/t/1336195924/lang/zh-cn
[2012-05-05 13:32:04 0.78081800] ======= FleaPHP End (elapsed: 0.066107 seconds) =======

[2012-05-05 13:33:00 0.80823100] ======= FleaPHP Loaded =======
[2012-05-05 13:33:00] REQUEST_URI: /sysadm/
[2012-05-05 13:33:00 0.85817500] ======= FleaPHP End (elapsed: 0.049944 seconds) =======

[2012-05-05 13:33:02 0.81277200] ======= FleaPHP Loaded =======
[2012-05-05 13:33:02] REQUEST_URI: /sysadm/admin
[2012-05-05 13:33:02 0.85104600] ======= FleaPHP End (elapsed: 0.038274 seconds) =======

[2012-05-05 13:33:04 0.77876900] ======= FleaPHP Loaded =======
[2012-05-05 13:33:04] REQUEST_URI: /sysadm/admin
[2012-05-05 13:33:04 0.81296600] ======= FleaPHP End (elapsed: 0.034197 seconds) =======

[2012-05-05 13:33:29 0.23061600] ======= FleaPHP Loaded =======
[2012-05-05 13:33:29] REQUEST_URI: /sysadm/admin
[2012-05-05 13:33:29 0.28792400] ======= FleaPHP End (elapsed: 0.057308 seconds) =======

[2012-05-05 13:33:29 0.30293200] ======= FleaPHP Loaded =======
[2012-05-05 13:33:29] REQUEST_URI: /sysadm/admin/imgcode/t/1336196009/lang/zh-cn
[2012-05-05 13:33:29 0.32693400] ======= FleaPHP End (elapsed: 0.024002 seconds) =======

[2012-05-05 13:33:48 0.34770300] ======= FleaPHP Loaded =======
[2012-05-05 13:33:48] REQUEST_URI: /sysadm/
[2012-05-05 13:33:48 0.39074500] ======= FleaPHP End (elapsed: 0.043042 seconds) =======

[2012-05-05 13:33:50 0.20002100] ======= FleaPHP Loaded =======
[2012-05-05 13:33:50] REQUEST_URI: /sysadm/admin
[2012-05-05 13:33:50 0.24998600] ======= FleaPHP End (elapsed: 0.049965 seconds) =======

[2012-05-05 13:33:50 0.27340200] ======= FleaPHP Loaded =======
[2012-05-05 13:33:50] REQUEST_URI: /sysadm/admin/imgcode/t/1336196030/lang/zh-cn
[2012-05-05 13:33:50 0.30956300] ======= FleaPHP End (elapsed: 0.036161 seconds) =======

[2012-05-05 13:33:54 0.04101800] ======= FleaPHP Loaded =======
[2012-05-05 13:33:54] REQUEST_URI: /sysadm/admin/login/lang/zh-cn
[2012-05-05 13:33:54 0.07908800] ======= FleaPHP End (elapsed: 0.038070 seconds) =======

[2012-05-05 13:33:56 0.54747500] ======= FleaPHP Loaded =======
[2012-05-05 13:33:56] REQUEST_URI: /sysadm/admin
[2012-05-05 13:33:56 0.59282500] ======= FleaPHP End (elapsed: 0.045350 seconds) =======

[2012-05-05 13:33:56 0.62023300] ======= FleaPHP Loaded =======
[2012-05-05 13:33:56] REQUEST_URI: /sysadm/admin/imgcode/t/1336196036/lang/zh-cn
[2012-05-05 13:33:56 0.66305300] ======= FleaPHP End (elapsed: 0.042820 seconds) =======

[2012-05-05 15:47:44 0.93845100] ======= FleaPHP Loaded =======
[2012-05-05 15:47:44] REQUEST_URI: /sysadm/
[2012-05-05 15:47:44 0.98325600] ======= FleaPHP End (elapsed: 0.044805 seconds) =======

[2012-05-05 15:47:46 0.53376800] ======= FleaPHP Loaded =======
[2012-05-05 15:47:46] REQUEST_URI: /sysadm/admin
[2012-05-05 15:47:46 0.59113200] ======= FleaPHP End (elapsed: 0.057364 seconds) =======

[2012-05-05 15:47:46 0.61482800] ======= FleaPHP Loaded =======
[2012-05-05 15:47:46] REQUEST_URI: /sysadm/admin/imgcode/t/1336204066/lang/zh-cn
[2012-05-05 15:47:46 0.64938800] ======= FleaPHP End (elapsed: 0.034560 seconds) =======

[2012-05-05 15:48:04 0.40984800] ======= FleaPHP Loaded =======
[2012-05-05 15:48:04] REQUEST_URI: /sysadm/admin/login/lang/zh-cn
[2012-05-05 15:48:04 0.44761700] ======= FleaPHP End (elapsed: 0.037769 seconds) =======

[2012-05-05 15:48:07 0.05243700] ======= FleaPHP Loaded =======
[2012-05-05 15:48:07] REQUEST_URI: /sysadm/admin
[2012-05-05 15:48:07 0.09660800] ======= FleaPHP End (elapsed: 0.044171 seconds) =======

[2012-05-05 15:48:07 0.13043300] ======= FleaPHP Loaded =======
[2012-05-05 15:48:07] REQUEST_URI: /sysadm/admin/imgcode/t/1336204087/lang/zh-cn
[2012-05-05 15:48:07 0.17604700] ======= FleaPHP End (elapsed: 0.045614 seconds) =======

[2012-05-05 15:48:12 0.90182500] ======= FleaPHP Loaded =======
[2012-05-05 15:48:12] REQUEST_URI: /sysadm/admin/login/lang/zh-cn
[2012-05-05 15:48:12 0.95526100] ======= FleaPHP End (elapsed: 0.053436 seconds) =======

[2012-05-05 15:48:14 0.08579700] ======= FleaPHP Loaded =======
[2012-05-05 15:48:14] REQUEST_URI: /sysadm/dashboard
[2012-05-05 15:48:14 0.14858600] ======= FleaPHP End (elapsed: 0.062789 seconds) =======

[2012-05-05 15:48:14 0.43116200] ======= FleaPHP Loaded =======
[2012-05-05 15:48:14] REQUEST_URI: /sysadm/dashboard/welcome/lang/zh-cn
[2012-05-05 15:48:14 0.46932900] ======= FleaPHP End (elapsed: 0.038167 seconds) =======

[2012-05-05 15:48:17 0.60914100] ======= FleaPHP Loaded =======
[2012-05-05 15:48:17] REQUEST_URI: /sysadm/dashboard
[2012-05-05 15:48:17 0.66395700] ======= FleaPHP End (elapsed: 0.054816 seconds) =======

[2012-05-05 15:48:17 0.94131500] ======= FleaPHP Loaded =======
[2012-05-05 15:48:17] REQUEST_URI: /sysadm/dashboard/welcome/lang/zh-cn
[2012-05-05 15:48:17 0.98205000] ======= FleaPHP End (elapsed: 0.040735 seconds) =======

[2012-05-05 15:48:24 0.93170100] ======= FleaPHP Loaded =======
[2012-05-05 15:48:24] REQUEST_URI: /sysadm/information/index/colkey/help/lang/zh-cn
[2012-05-05 15:48:25 0.07962400] ======= FleaPHP End (elapsed: 0.147923 seconds) =======

[2012-05-05 15:48:26 0.94796600] ======= FleaPHP Loaded =======
[2012-05-05 15:48:26] REQUEST_URI: /sysadm/information/modify/id/4/colkey/help/lang/zh-cn
[2012-05-05 15:48:27 0.08136300] ======= FleaPHP End (elapsed: 0.133397 seconds) =======

[2012-05-05 15:50:11 0.42034200] ======= FleaPHP Loaded =======
[2012-05-05 15:50:11] REQUEST_URI: /sysadm/dashboard
[2012-05-05 15:50:11 0.48313500] ======= FleaPHP End (elapsed: 0.062793 seconds) =======

[2012-05-05 15:50:11 0.74511600] ======= FleaPHP Loaded =======
[2012-05-05 15:50:11] REQUEST_URI: /sysadm/dashboard/welcome/lang/zh-cn
[2012-05-05 15:50:11 0.76843200] ======= FleaPHP End (elapsed: 0.023316 seconds) =======

[2012-05-05 15:50:15 0.54731200] ======= FleaPHP Loaded =======
[2012-05-05 15:50:15] REQUEST_URI: /sysadm/information/index/colkey/help/lang/zh-cn
[2012-05-05 15:50:15 0.62063100] ======= FleaPHP End (elapsed: 0.073319 seconds) =======

[2012-05-05 15:50:17 0.51390300] ======= FleaPHP Loaded =======
[2012-05-05 15:50:17] REQUEST_URI: /sysadm/information/modify/id/20/colkey/help/lang/zh-cn
[2012-05-05 15:50:17 0.57398100] ======= FleaPHP End (elapsed: 0.060078 seconds) =======

[2012-05-05 15:50:29 0.95361700] ======= FleaPHP Loaded =======
[2012-05-05 15:50:29] REQUEST_URI: /sysadm/information/index/colkey/help/lang/zh-cn
[2012-05-05 15:50:30 0.02488400] ======= FleaPHP End (elapsed: 0.071267 seconds) =======

[2012-05-05 15:50:31 0.80170000] ======= FleaPHP Loaded =======
[2012-05-05 15:50:31] REQUEST_URI: /sysadm/information/modify/id/4/colkey/help/lang/zh-cn
[2012-05-05 15:50:31 0.86904100] ======= FleaPHP End (elapsed: 0.067341 seconds) =======

[2012-05-05 15:56:30 0.80441500] ======= FleaPHP Loaded =======
[2012-05-05 15:56:30] REQUEST_URI: /sysadm/information/index/colkey/help/lang/zh-cn
[2012-05-05 15:56:30 0.88115000] ======= FleaPHP End (elapsed: 0.076735 seconds) =======

[2012-05-05 15:56:34 0.09220100] ======= FleaPHP Loaded =======
[2012-05-05 15:56:34] REQUEST_URI: /sysadm/information/modify/id/20/colkey/help/lang/zh-cn
[2012-05-05 15:56:34 0.15412600] ======= FleaPHP End (elapsed: 0.061925 seconds) =======

[2012-05-05 15:57:57 0.49611800] ======= FleaPHP Loaded =======
[2012-05-05 15:57:57] REQUEST_URI: /sysadm/information/save/colkey/help/lang/zh-cn
[2012-05-05 15:57:57 0.61519000] ======= FleaPHP End (elapsed: 0.119072 seconds) =======

[2012-05-05 15:57:57 0.62930100] ======= FleaPHP Loaded =======
[2012-05-05 15:57:57] REQUEST_URI: /sysadm/index.php/information/modify/id/20/colkey/help/lang/zh-cn
[2012-05-05 15:57:57 0.68833200] ======= FleaPHP End (elapsed: 0.059031 seconds) =======

[2012-05-05 15:58:02 0.55240000] ======= FleaPHP Loaded =======
[2012-05-05 15:58:02] REQUEST_URI: /sysadm/information/removepic/id/20/colkey/help/lang/zh-cn
[2012-05-05 15:58:02 0.65912100] ======= FleaPHP End (elapsed: 0.106721 seconds) =======

[2012-05-05 15:58:02 0.67448000] ======= FleaPHP Loaded =======
[2012-05-05 15:58:02] REQUEST_URI: /sysadm/index.php/information/modify/id/20/colkey/help/lang/zh-cn
[2012-05-05 15:58:02 0.73538600] ======= FleaPHP End (elapsed: 0.060906 seconds) =======

[2012-05-05 15:58:07 0.88691000] ======= FleaPHP Loaded =======
[2012-05-05 15:58:07] REQUEST_URI: /sysadm/information/index/colkey/help/lang/zh-cn
[2012-05-05 15:58:07 0.96109100] ======= FleaPHP End (elapsed: 0.074181 seconds) =======

[2012-05-05 15:58:09 0.36405500] ======= FleaPHP Loaded =======
[2012-05-05 15:58:09] REQUEST_URI: /sysadm/information/modify/id/4/colkey/help/lang/zh-cn
[2012-05-05 15:58:09 0.42478800] ======= FleaPHP End (elapsed: 0.060733 seconds) =======

[2012-05-05 15:58:12 0.54885900] ======= FleaPHP Loaded =======
[2012-05-05 15:58:12] REQUEST_URI: /sysadm/information/index/colkey/help/lang/zh-cn
[2012-05-05 15:58:12 0.61814200] ======= FleaPHP End (elapsed: 0.069283 seconds) =======

[2012-05-05 15:58:13 0.75998900] ======= FleaPHP Loaded =======
[2012-05-05 15:58:13] REQUEST_URI: /sysadm/information/modify/id/3/colkey/help/lang/zh-cn
[2012-05-05 15:58:13 0.82830100] ======= FleaPHP End (elapsed: 0.068312 seconds) =======

[2012-05-05 15:58:36 0.33414300] ======= FleaPHP Loaded =======
[2012-05-05 15:58:36] REQUEST_URI: /sysadm/information/save/colkey/help/lang/zh-cn
[2012-05-05 15:58:36 0.44016100] ======= FleaPHP End (elapsed: 0.106018 seconds) =======

[2012-05-05 15:58:36 0.45503300] ======= FleaPHP Loaded =======
[2012-05-05 15:58:36] REQUEST_URI: /sysadm/index.php/information/modify/id/3/colkey/help/lang/zh-cn
[2012-05-05 15:58:36 0.52593400] ======= FleaPHP End (elapsed: 0.070901 seconds) =======

[2012-05-05 15:58:38 0.32870800] ======= FleaPHP Loaded =======
[2012-05-05 15:58:38] REQUEST_URI: /sysadm/information/index/colkey/help/lang/zh-cn
[2012-05-05 15:58:38 0.39834200] ======= FleaPHP End (elapsed: 0.069634 seconds) =======

[2012-05-05 15:58:39 0.86664700] ======= FleaPHP Loaded =======
[2012-05-05 15:58:39] REQUEST_URI: /sysadm/information/modify/id/4/colkey/help/lang/zh-cn
[2012-05-05 15:58:39 0.92942000] ======= FleaPHP End (elapsed: 0.062773 seconds) =======

[2012-05-05 15:58:42 0.17762600] ======= FleaPHP Loaded =======
[2012-05-05 15:58:42] REQUEST_URI: /sysadm/information/index/colkey/guide/lang/zh-cn
[2012-05-05 15:58:42 0.25164800] ======= FleaPHP End (elapsed: 0.074022 seconds) =======

[2012-05-05 15:58:44 0.95269600] ======= FleaPHP Loaded =======
[2012-05-05 15:58:44] REQUEST_URI: /sysadm/information/modify/id/7/colkey/guide/lang/zh-cn
[2012-05-05 15:58:45 0.01907800] ======= FleaPHP End (elapsed: 0.066382 seconds) =======

[2012-05-05 15:58:48 0.13295100] ======= FleaPHP Loaded =======
[2012-05-05 15:58:48] REQUEST_URI: /sysadm/information/index/colkey/guide/lang/zh-cn
[2012-05-05 15:58:48 0.20622900] ======= FleaPHP End (elapsed: 0.073278 seconds) =======

[2012-05-05 15:58:49 0.42233900] ======= FleaPHP Loaded =======
[2012-05-05 15:58:49] REQUEST_URI: /sysadm/information/modify/id/6/colkey/guide/lang/zh-cn
[2012-05-05 15:58:49 0.48911800] ======= FleaPHP End (elapsed: 0.066779 seconds) =======

[2012-05-05 15:58:59 0.54249100] ======= FleaPHP Loaded =======
[2012-05-05 15:58:59] REQUEST_URI: /sysadm/information/save/colkey/guide/lang/zh-cn
[2012-05-05 15:58:59 0.62406400] ======= FleaPHP End (elapsed: 0.081573 seconds) =======

[2012-05-05 15:58:59 0.63788300] ======= FleaPHP Loaded =======
[2012-05-05 15:58:59] REQUEST_URI: /sysadm/index.php/information/modify/id/6/colkey/guide/lang/zh-cn
[2012-05-05 15:58:59 0.69473100] ======= FleaPHP End (elapsed: 0.056848 seconds) =======

[2012-05-05 15:59:01 0.75182500] ======= FleaPHP Loaded =======
[2012-05-05 15:59:01] REQUEST_URI: /sysadm/information/index/colkey/service/lang/zh-cn
[2012-05-05 15:59:01 0.82274100] ======= FleaPHP End (elapsed: 0.070916 seconds) =======

[2012-05-05 15:59:03 0.90468300] ======= FleaPHP Loaded =======
[2012-05-05 15:59:03] REQUEST_URI: /sysadm/information/modify/id/12/colkey/service/lang/zh-cn
[2012-05-05 15:59:03 0.97026100] ======= FleaPHP End (elapsed: 0.065578 seconds) =======

[2012-05-05 15:59:07 0.53931100] ======= FleaPHP Loaded =======
[2012-05-05 15:59:07] REQUEST_URI: /sysadm/information/index/colkey/service/lang/zh-cn
[2012-05-05 15:59:07 0.60730900] ======= FleaPHP End (elapsed: 0.067998 seconds) =======

[2012-05-05 15:59:08 0.82142100] ======= FleaPHP Loaded =======
[2012-05-05 15:59:08] REQUEST_URI: /sysadm/information/modify/id/11/colkey/service/lang/zh-cn
[2012-05-05 15:59:08 0.88484800] ======= FleaPHP End (elapsed: 0.063427 seconds) =======

[2012-05-05 15:59:24 0.92609800] ======= FleaPHP Loaded =======
[2012-05-05 15:59:24] REQUEST_URI: /sysadm/information/save/colkey/service/lang/zh-cn
[2012-05-05 15:59:25 0.01016600] ======= FleaPHP End (elapsed: 0.084068 seconds) =======

[2012-05-05 15:59:25 0.02432600] ======= FleaPHP Loaded =======
[2012-05-05 15:59:25] REQUEST_URI: /sysadm/index.php/information/modify/id/11/colkey/service/lang/zh-cn
[2012-05-05 15:59:25 0.08587500] ======= FleaPHP End (elapsed: 0.061549 seconds) =======

[2012-05-05 15:59:26 0.92422000] ======= FleaPHP Loaded =======
[2012-05-05 15:59:26] REQUEST_URI: /sysadm/information/index/colkey/service/lang/zh-cn
[2012-05-05 15:59:26 0.99305400] ======= FleaPHP End (elapsed: 0.068834 seconds) =======

[2012-05-05 15:59:27 0.46181800] ======= FleaPHP Loaded =======
[2012-05-05 15:59:27] REQUEST_URI: /sysadm/information/index/colkey/post/lang/zh-cn
[2012-05-05 15:59:27 0.52837600] ======= FleaPHP End (elapsed: 0.066558 seconds) =======

[2012-05-05 15:59:28 0.92215600] ======= FleaPHP Loaded =======
[2012-05-05 15:59:28] REQUEST_URI: /sysadm/information/modify/id/16/colkey/post/lang/zh-cn
[2012-05-05 15:59:28 0.98712100] ======= FleaPHP End (elapsed: 0.064965 seconds) =======

[2012-05-05 15:59:45 0.19875800] ======= FleaPHP Loaded =======
[2012-05-05 15:59:45] REQUEST_URI: /sysadm/information/save/colkey/post/lang/zh-cn
[2012-05-05 15:59:45 0.27298100] ======= FleaPHP End (elapsed: 0.074223 seconds) =======

[2012-05-05 15:59:45 0.28709800] ======= FleaPHP Loaded =======
[2012-05-05 15:59:45] REQUEST_URI: /sysadm/index.php/information/modify/id/16/colkey/post/lang/zh-cn
[2012-05-05 15:59:45 0.34618800] ======= FleaPHP End (elapsed: 0.059090 seconds) =======

[2012-05-05 15:59:47 0.96070300] ======= FleaPHP Loaded =======
[2012-05-05 15:59:47] REQUEST_URI: /sysadm/information/index/colkey/post/lang/zh-cn
[2012-05-05 15:59:48 0.03331800] ======= FleaPHP End (elapsed: 0.072615 seconds) =======

[2012-05-05 15:59:49 0.42436400] ======= FleaPHP Loaded =======
[2012-05-05 15:59:49] REQUEST_URI: /sysadm/information/modify/id/15/colkey/post/lang/zh-cn
[2012-05-05 15:59:49 0.48596000] ======= FleaPHP End (elapsed: 0.061596 seconds) =======

[2012-05-05 15:59:53 0.75177000] ======= FleaPHP Loaded =======
[2012-05-05 15:59:53] REQUEST_URI: /sysadm/information/index/colkey/post/lang/zh-cn
[2012-05-05 15:59:53 0.82244500] ======= FleaPHP End (elapsed: 0.070675 seconds) =======

[2012-05-05 15:59:55 0.32288000] ======= FleaPHP Loaded =======
[2012-05-05 15:59:55] REQUEST_URI: /sysadm/information/modify/id/14/colkey/post/lang/zh-cn
[2012-05-05 15:59:55 0.38409500] ======= FleaPHP End (elapsed: 0.061215 seconds) =======

[2012-05-05 15:59:59 0.43222300] ======= FleaPHP Loaded =======
[2012-05-05 15:59:59] REQUEST_URI: /sysadm/information/index/colkey/post/lang/zh-cn
[2012-05-05 15:59:59 0.50018100] ======= FleaPHP End (elapsed: 0.067958 seconds) =======

[2012-05-05 16:00:01 0.18866800] ======= FleaPHP Loaded =======
[2012-05-05 16:00:01] REQUEST_URI: /sysadm/information/modify/id/13/colkey/post/lang/zh-cn
[2012-05-05 16:00:01 0.25176500] ======= FleaPHP End (elapsed: 0.063097 seconds) =======

[2012-05-05 16:00:03 0.71264000] ======= FleaPHP Loaded =======
[2012-05-05 16:00:03] REQUEST_URI: /sysadm/information/index/colkey/payment/lang/zh-cn
[2012-05-05 16:00:03 0.78247800] ======= FleaPHP End (elapsed: 0.069838 seconds) =======

[2012-05-05 16:00:05 0.25000300] ======= FleaPHP Loaded =======
[2012-05-05 16:00:05] REQUEST_URI: /sysadm/information/modify/id/19/colkey/payment/lang/zh-cn
[2012-05-05 16:00:05 0.29310800] ======= FleaPHP End (elapsed: 0.043105 seconds) =======

[2012-05-05 16:00:17 0.21175000] ======= FleaPHP Loaded =======
[2012-05-05 16:00:17] REQUEST_URI: /sysadm/information/save/colkey/payment/lang/zh-cn
[2012-05-05 16:00:17 0.29282000] ======= FleaPHP End (elapsed: 0.081070 seconds) =======

[2012-05-05 16:00:17 0.30609200] ======= FleaPHP Loaded =======
[2012-05-05 16:00:17] REQUEST_URI: /sysadm/index.php/information/modify/id/19/colkey/payment/lang/zh-cn
[2012-05-05 16:00:17 0.36424700] ======= FleaPHP End (elapsed: 0.058155 seconds) =======

[2012-05-05 16:00:20 0.55574000] ======= FleaPHP Loaded =======
[2012-05-05 16:00:20] REQUEST_URI: /sysadm/information/index/colkey/post/lang/zh-cn
[2012-05-05 16:00:20 0.62250900] ======= FleaPHP End (elapsed: 0.066769 seconds) =======

[2012-05-05 16:00:21 0.41860500] ======= FleaPHP Loaded =======
[2012-05-05 16:00:21] REQUEST_URI: /sysadm/information/index/colkey/payment/lang/zh-cn
[2012-05-05 16:00:21 0.49416000] ======= FleaPHP End (elapsed: 0.075555 seconds) =======

[2012-05-05 16:00:22 0.90967400] ======= FleaPHP Loaded =======
[2012-05-05 16:00:22] REQUEST_URI: /sysadm/information/modify/id/18/colkey/payment/lang/zh-cn
[2012-05-05 16:00:22 0.97788400] ======= FleaPHP End (elapsed: 0.068210 seconds) =======

[2012-05-05 16:00:31 0.26705800] ======= FleaPHP Loaded =======
[2012-05-05 16:00:31] REQUEST_URI: /sysadm/information/save/colkey/payment/lang/zh-cn
[2012-05-05 16:00:31 0.45984600] ======= FleaPHP End (elapsed: 0.192788 seconds) =======

[2012-05-05 16:00:31 0.47342500] ======= FleaPHP Loaded =======
[2012-05-05 16:00:31] REQUEST_URI: /sysadm/index.php/information/modify/id/18/colkey/payment/lang/zh-cn
[2012-05-05 16:00:31 0.53917200] ======= FleaPHP End (elapsed: 0.065747 seconds) =======

[2012-05-05 16:00:33 0.54954500] ======= FleaPHP Loaded =======
[2012-05-05 16:00:33] REQUEST_URI: /sysadm/information/index/colkey/payment/lang/zh-cn
[2012-05-05 16:00:33 0.62155800] ======= FleaPHP End (elapsed: 0.072013 seconds) =======

[2012-05-05 16:00:34 0.83662900] ======= FleaPHP Loaded =======
[2012-05-05 16:00:34] REQUEST_URI: /sysadm/information/modify/id/17/colkey/payment/lang/zh-cn
[2012-05-05 16:00:34 0.89768700] ======= FleaPHP End (elapsed: 0.061058 seconds) =======

[2012-05-05 16:00:42 0.97506500] ======= FleaPHP Loaded =======
[2012-05-05 16:00:42] REQUEST_URI: /sysadm/information/save/colkey/payment/lang/zh-cn
[2012-05-05 16:00:43 0.06330500] ======= FleaPHP End (elapsed: 0.088240 seconds) =======

[2012-05-05 16:00:43 0.07589800] ======= FleaPHP Loaded =======
[2012-05-05 16:00:43] REQUEST_URI: /sysadm/index.php/information/modify/id/17/colkey/payment/lang/zh-cn
[2012-05-05 16:00:43 0.13445700] ======= FleaPHP End (elapsed: 0.058559 seconds) =======

